ITEM: cgjurr03:柳亭山	15217:豪华寿司组=FieldUse,(0,101,45,78)(5:20)
ITEM: cgjurr03:柳亭山	15217:豪华寿司组=FieldUse,(0,101,45,81)(5:22)
ITEM: cgjurr00:神匠	18218:死者的戒指=npc_event.c:GiveItem,(0,11015,53,3)(5:42)
ITEM: cgjurr00:神匠	18218:死者的戒指=npc_event.c:DelItem,(0,1511,8,4)(5:43)
ITEM: cgjurr00:神匠	18219:赏赐状=npc_event.c:GiveItem,(0,1511,8,4)(5:43)
ITEM: cgjurr00:神匠	18219:赏赐状=npc_event.c:DelItem,(0,1521,48,78)(5:44)
ITEM: cgjurr00:神匠	22693:时间水晶Lv6=npc_event.c:GiveItem,(0,1521,48,78)(5:44)
ITEM: cgjurr00:神匠	22492:随意工作卡=npc_event.c:GiveItem,(0,1521,48,78)(5:44)
ITEM: cgjurr00:神匠	22693:时间水晶Lv6=npc_event.c:DelItem,(0,1180,11,7)(5:45)
ITEM: cgjurr00:神匠	22492:随意工作卡=Drop,(0,1180,11,6)(5:45)
ITEM: cgjurr02:牛魔王	777772:时间水晶Lv6=TradeSend,(0,25000,30,18)(5:46)
ITEM: cgjurr02:牛魔王	661013:银票(50万金币)=TradeSend,(0,25000,30,18)(5:46)
ITEM: cgjurr02:牛魔王	18853:生锈的枪=TradeSend,(0,25000,30,18)(5:46)
ITEM: cgjurr02:牛魔王	18863:生锈的靴子=TradeSend,(0,25000,30,18)(5:46)
ITEM: cgjurr02:牛魔王	777772:时间水晶Lv6=TradeSend,(0,25000,30,18)(5:46)
ITEM: cgjurr02:牛魔王	16916:超大Q零件=TradeSend,(0,25000,30,18)(5:46)
ITEM: cgjurr02:牛魔王	16916:超大Q零件=TradeSend,(0,25000,30,18)(5:46)
ITEM: cgjurr00:神匠	777772:时间水晶Lv6=TradeRecv,(0,25000,29,17)(5:46)
ITEM: cgjurr00:神匠	661013:银票(50万金币)=TradeRecv,(0,25000,29,17)(5:46)
ITEM: cgjurr00:神匠	18853:生锈的枪=TradeRecv,(0,25000,29,17)(5:46)
ITEM: cgjurr00:神匠	18863:生锈的靴子=TradeRecv,(0,25000,29,17)(5:46)
ITEM: cgjurr00:神匠	777772:时间水晶Lv6=TradeRecv,(0,25000,29,17)(5:46)
ITEM: cgjurr00:神匠	16916:超大Q零件=TradeRecv,(0,25000,29,17)(5:46)
ITEM: cgjurr00:神匠	16916:超大Q零件=TradeRecv,(0,25000,29,17)(5:46)
ITEM: cgjurr00:神匠	9326:火卵LV-X=npc_itemshop2.c:GiveItem,(0,25000,18,5)(5:47)
ITEM: :水晶店	9326:火卵LV-X=npc_itemshop2.c:GiveItem,(0,25000,16,5)(5:47)
ITEM: cgjurr00:神匠	9200:出生水晶=Drop&Delete,(0,25000,24,7)(5:48)
ITEM: cgjurr00:神匠	777781:技能栏增加卡lv1=npc_itemshop2.c:GiveItem,(0,25000,18,5)(5:53)
ITEM: :水晶店	777781:技能栏增加卡lv1=npc_itemshop2.c:GiveItem,(0,25000,16,5)(5:53)
ITEM: cgjurr00:神匠	777781:技能栏增加卡lv1=npc_itemshop2.c:GiveItem,(0,25000,18,5)(5:53)
ITEM: :水晶店	777781:技能栏增加卡lv1=npc_itemshop2.c:GiveItem,(0,25000,16,5)(5:53)
ITEM: cgjurr00:神匠	777781:技能栏增加卡lv1=npc_itemshop2.c:GiveItem,(0,25000,18,5)(5:53)
ITEM: :水晶店	777781:技能栏增加卡lv1=npc_itemshop2.c:GiveItem,(0,25000,16,5)(5:53)
ITEM: cgjurr00:神匠	777781:技能栏增加卡lv1=npc_itemshop2.c:GiveItem,(0,25000,18,5)(5:53)
ITEM: :水晶店	777781:技能栏增加卡lv1=npc_itemshop2.c:GiveItem,(0,25000,16,5)(5:53)
ITEM: cgjurr00:神匠	777781:技能栏增加卡lv1=npc_itemshop2.c:GiveItem,(0,25000,18,5)(5:53)
ITEM: :水晶店	777781:技能栏增加卡lv1=npc_itemshop2.c:GiveItem,(0,25000,16,5)(5:53)
ITEM: cgjurr00:神匠	777781:技能栏增加卡lv1=npc_event.c:DelItem,(0,25000,18,5)(5:53)
ITEM: cgjurr00:神匠	777781:技能栏增加卡lv1=npc_event.c:DelItem,(0,25000,18,5)(5:53)
ITEM: cgjurr00:神匠	777781:技能栏增加卡lv1=npc_event.c:DelItem,(0,25000,18,5)(5:53)
ITEM: cgjurr00:神匠	777781:技能栏增加卡lv1=npc_event.c:DelItem,(0,25000,18,5)(5:53)
ITEM: cgjurr00:神匠	777781:技能栏增加卡lv1=npc_event.c:DelItem,(0,25000,18,5)(5:53)
ITEM: cgjurr00:神匠	18843:勾玉的碎片=AddItem,(0,34005,19,16)(6:2)
ITEM: cgjurr00:神匠	18843:勾玉的碎片=AddItem,(0,34005,19,16)(6:2)
ITEM: cgjurr00:神匠	18843:勾玉的碎片=AddItem,(0,34005,19,16)(6:2)
ITEM: cgjurr00:神匠	18843:勾玉的碎片=AddItem,(0,34005,19,16)(6:2)
ITEM: cgjurr00:神匠	18843:勾玉的碎片=AddItem,(0,34005,19,16)(6:2)
ITEM: cgjurr00:神匠	18843:勾玉的碎片=AddItem,(0,34005,19,16)(6:2)
ITEM: cgjurr00:神匠	18843:勾玉的碎片=AddItem,(0,34005,19,16)(6:2)
ITEM: cgjurr00:神匠	18843:勾玉的碎片=AddItem,(0,34005,19,16)(6:2)
ITEM: cgjurr00:神匠	18843:勾玉的碎片=AddItem,(0,34005,19,16)(6:2)
ITEM: cgjurr00:神匠	18843:勾玉的碎片=AddItem,(0,34005,19,16)(6:2)
ITEM: cgjurr00:神匠	18843:勾玉的碎片=AddItem,(0,34005,19,16)(6:2)
ITEM: cgjurr00:神匠	18843:勾玉的碎片=AddItem,(0,34005,19,16)(6:2)
ITEM: cgjurr00:神匠	18843:勾玉的碎片=AddItem,(0,34005,19,16)(6:2)
ITEM: cgju