30309  ./data/map//30309_梅博的房间
59528  ./data/map//59528_辛梅尔
43815  ./data/map//43815_岬之神殿 最下层
30331  ./data/map//30331_医院
46016  ./data/map//46016_艾儿卡丝之家
32034  ./data/map//32034_达米达村 山谷上
21019  ./data/map//21019_忍者之家 3层
21021  ./data/map//21021_忍者之家
59776  ./data/map//59776
15007  ./data/map//15007_咒术师的据点
27011  ./data/map//27011_曙光储备室
30214  ./data/map//30214_战备物资运输站
11024  ./data/map//11024_谜之洞穴
59892  ./data/map//59892_矫扼傀家狼 啪 92摸
33206  ./data/map//33206_莉儿的宠物商店
43100  ./data/map//43100_哥拉尔城
33287  ./data/map//33287_民房
43753  ./data/map//43753_捐献接待处
15503  ./data/map//15503_根萨斯的房间
45004  ./data/map//45004_桃源乡 仙人的家
34009  ./data/map//34009_大树 2层
1302  ./data/map//1302_剧院 2楼
4142  ./data/map//4142_大厅
41010  ./data/map//41010_德那杰斯号
16503  ./data/map//16503_野狼船长的灵堂
59526  ./data/map//59526_辛梅尔
20504  ./data/map//20504_冰雪的牢城 第4层
59733  ./data/map//59733_火昏神的领域 内宫
33233  ./data/map//33233_101层
4335  ./data/map//4335_民房地下
4454  ./data/map//4454_仓库內部
100  ./data/map//100_芙蕾雅
32805  ./data/map//32805_未知洞穴
20507  ./data/map//20507_冰雪的牢城 第7层
20167  ./data/map//20167_六曜之塔 9层
59725  ./data/map//59725_火之昏神的领域
37005  ./data/map//37005_海贼头目的房间
43830  ./data/map//43830_海之神殿
14018  ./data/map//14018_海贼的据点
36003  ./data/map//36003_布朗山 里面
33220  ./data/map//33220_阿凯鲁法
59883  ./data/map//59883_矫扼傀家狼 啪 83摸
24006  ./data/map//24006_圣餐之间
48005  ./data/map//48005_火山 地下7楼
15102  ./data/map//15102_开放的矿山2
59619  ./data/map//59619_威雷的领域 技之回廊
27012  ./data/map//27012_曙光营地医院
1185  ./data/map//1185_希利布的家
1540  ./data/map//1540_中型屋
15507  ./data/map//15507_叹息的森林
62054  ./data/map//62054_胜利之间
33506  ./data/map//33506_工匠达古林的家
37010  ./data/map//37010_海贼的牢狱
62049  ./data/map//62049_胜利之间
33119  ./data/map//33119_逃脱暗道 西方
11008  ./data/map//11008_试炼洞窟第3层
985  ./data/map//985_胜利之间
59831  ./data/map//59831_雪拉威森之塔第31层
15569  ./data/map//15569_古老的巢穴
20107  ./data/map//20107_六曜之塔 7层
24000  ./data/map//24000_勇者之间
59722  ./data/map//59722_去脚捻鸥酒飘狼 康开 惑泵
7003  ./data/map//7003_矿场的牢房
59750  ./data/map//59750
32046  ./data/map//32046_史莱姆的临时住所
33202  ./data/map//33202_拉那杂货店
41027  ./data/map//41027_船長室
46000  ./data/map//46000_仓库
1404  ./data/map//1404_竞技场
432  ./data/map//432_百人022层
59741  ./data/map//59741_眉秋明 1楼
59607  ./data/map//59607_花萝的领域 玄关
1413  ./data/map//1413_竞技场迷宫
59852  ./data/map//59852_雪拉威森塔 52层
43216  ./data/map//43216_女王的房间
23061  ./data/map//23061_熔岩洞窟1楼
59606  ./data/map//59606_阿陀罗的领域 上宫
43572  ./data/map//43572_民房
24021  ./data/map//24021_诅咒的迷宫地下13层
35001  ./data/map//35001_地下遗迹 最下层
15001  ./data/map//15001_莎莲娜海底洞窟 地下2层
59645  ./data/map//59645_阿陀罗的领域 力之回廊
33260  ./data/map//33260_葛登的房间
2802  ./data/map//2802_民房
43741  ./data/map//43741_民房
48021  ./data/map//48021_贝尼恰斯火山
41013  ./data/map//41013_船長室
4013  ./data/map//4013_村长的家
47017  ./data/map//47017_森之墓场
43154  ./data/map//43154_哥拉尔城兵营 2层
1183  ./data/map//1183_旅馆
1156  ./data/map//1156_贝蒂的家
15515  ./data/map//15515_村长的家
44699  ./data/map//44699_商店
1400  ./data/map//1400_竞技场
15579  ./data/map//15579_白龙城入口
1406  ./data/map//1406_第一名的房间
20152  ./data/map//20152_六曜之塔 4层
46005  ./data/map//46005_哥拉尔城
47010  ./data/map//47010_伊姆尔森林
43760  ./data/map//43760_港湾管理处
4455  ./data/map//4455_仓库內部
23046  ./data/map//23046_？？？
15202  ./data/map//15202_岛
33510  ./data/map//33510_村长家
4308  ./data/map//4308_PUB
3213  ./data/map//3213_村长的家
33210  ./data/map//33210_鲁南克那鉴定店
59691  ./data/map//59691_秘道一楼
40006  ./data/map//40006_往伊尔 栈桥
23044  ./data/map//23044_？？？
41005  ./data/map//41005_客房 C
20506  ./data/map//20506_冰雪的牢城 第6层
62053  ./data/map//62053_胜利之间
4419  ./data/map//4419_学长室
27008  ./data/map//27008_曙光营地指挥部
5003  ./data/map//5003_饲养师训练所
32049  ./data/map//32049_SE研究中心支部
59682  ./data/map//59682_黑历史之石洞 4楼
33298  ./data/map//33298_米内葛尔
43972  ./data/map//43972_民家
34018  ./data/map//34018_大树 最下层
47012  ./data/map//47012_营地
11037  ./data/map//11037_土之洞窟 第4层
20114  ./data/map//20114_六曜之塔 10层
21016  ./data/map//21016_忍者之家
1478  ./data/map//1478_竞技场
43186  ./data/map//43186_民房
30127  ./data/map//30127_商人卡斯楚的家
33227  ./data/map//33227_无人的隐蔽房屋
1201  ./data/map//1201_大圣堂
59684  ./data/map//59684_黑历史之石洞 6楼
59873  ./data/map//59873_矫扼傀家狼 啪 73摸
3350  ./data/map//3350_冯奴的家
47011  ./data/map//47011_伊姆尔森林
62041  ./data/map//62041_深海 入口
1483  ./data/map//1483_休息室
37006  ./data/map//37006_库鲁鲁的家
27014  ./data/map//27014_辛希亚探索指挥部
47000  ./data/map//47000_头目的住所 入口
59801  ./data/map//59801_雪拉威森塔第  1层
33230  ./data/map//33230_无人的隐蔽房屋
30213  ./data/map//30213_卡西蒂的家
15514  ./data/map//15514_村长的家
59805  ./data/map//59805_雪拉威森之塔第5层
4002  ./data/map//4002_杰诺瓦镇
20116  ./data/map//20116_六曜之塔 10层
709  ./data/map//709_百人069层
23092  ./data/map//23092_花妖领域1层
59529  ./data/map//59529_修拉特瓦尔号
1150  ./data/map//1150_葛利玛的家
4310  ./data/map//4310_医院
20527  ./data/map//20527_冰雪的牢城 第8层
43824  ./data/map//43824_深海 第5层
34006  ./data/map//34006_远景
14009  ./data/map//14009_洞窟(假) 7层
32802  ./data/map//32802_未知洞窟
702  ./data/map//702_百人062层
32018  ./data/map//32018_密径
2012  ./data/map//2012_村长的家
43810  ./data/map//43810_岬之神殿
21025  ./data/map//21025_过道
43171  ./data/map//43171_民房
23043  ./data/map//23043_？？？
15575  ./data/map//15575_小翠的家
30190  ./data/map//30190_马斯的内心世界
15201  ./data/map//15201_岛
20199  ./data/map//20199_石之塔 99层
30112  ./data/map//30112_食品店
1412  ./data/map//1412_竞技场迷宫
16516  ./data/map//16516_海贼的洞窟 地下1层
2216  ./data/map//2216_村长的家地下室
59694  ./data/map//59694_洞窟之村一楼
43141  ./data/map//43141_冒险者旅馆 2楼
59995  ./data/map//59995_试验用运动场 1
23063  ./data/map//23063_熔岩洞窟3楼
11028  ./data/map//11028_欧兹那克的小房间
1121  ./data/map//1121_银行
32804  ./data/map//32804_未知洞穴
4021  ./data/map//4021_客房
59809  ./data/map//59809_雪拉威森之塔第9层
30002  ./data/map//30002_杰诺姆岛
3807  ./data/map//3807_民房
59001  ./data/map//59001_港口
62026  ./data/map//62026_矿洞
20113  ./data/map//20113_六曜之塔 10层
25003  ./data/map//25003_休息室二层
20428  ./data/map//20428_神篱
1101  ./data/map//1101_科特利亚酒吧
43152  ./data/map//43152_哥拉尔城兵营
62007  ./data/map//62007_山洞
59813  ./data/map//59813_雪拉威森之塔第13层
47023  ./data/map//47023_受诅咒者之间
2258  ./data/map//2258_民家
1495  ./data/map//1495_休息室
15011  ./data/map//15011_咒术师的据点
59510  ./data/map//59510_法兰城遗迹
43200  ./data/map//43200_白之宫殿
15599  ./data/map//15599_炎之回廊
4400  ./data/map//4400_魔法大学
61000  ./data/map//61000_肯吉罗岛
534  ./data/map//534_百人034层
15005  ./data/map//15005_索奇亚海底洞窟 地下1层
1807  ./data/map//1807_租 房
15556  ./data/map//15556_咨询之门
4209  ./data/map//4209_PUB 地下
20511  ./data/map//20511_冰雪的牢城 第11层
2433  ./data/map//2433_珍妮专用贵宾室
32055  ./data/map//32055_祭坛
4809  ./data/map//4809_民房
20513  ./data/map//20513_冰雪的牢城 第13层
1170  ./data/map//1170_安其摩酒吧
43212  ./data/map//43212_客房
2250  ./data/map//2250_民家
59703  ./data/map//59703_冰室　2层
33269  ./data/map//33269_客房
400  ./data/map//400_沙莲娜
24059  ./data/map//24059_诅咒的迷宫地下51层
15586  ./data/map//15586_黑龙城 天守阁
48006  ./data/map//48006_火山 地下8楼
23054  ./data/map//23054_无名岛
30192  ./data/map//30192_马斯的内心世界
30012  ./data/map//30012_克瑞村
15004  ./data/map//15004_索奇亚海底洞窟 地下1层
30307  ./data/map//30307_梅博的家
59601  ./data/map//59601_阿陀罗的领域 前厅
23610  ./data/map//23610_崩塌的底层空间
33226  ./data/map//33226_无人的隐蔽房屋
41022  ./data/map//41022_铁达泥号
62003  ./data/map//62003_井底地下水脉
1203  ./data/map//1203_地下楼梯间
40007  ./data/map//40007_魂龋檬青栈桥
43671  ./data/map//43671_民房
44100  ./data/map//44100_曝捞 配捞
13507  ./data/map//13507_大鲶鱼王的胃袋
23076  ./data/map//23076_斯巴卡
43825  ./data/map//43825_深海 第6层
7000  ./data/map//7000_地下矿场
59871  ./data/map//59871_矫扼傀家狼 啪 71摸
62056  ./data/map//62056_胜利之间
35004  ./data/map//35004_樱之间
59680  ./data/map//59680_黑历史之石洞 2楼
4806  ./data/map//4806_民房
653  ./data/map//653_百人053层
2311  ./data/map//2311_医院 2层
30265  ./data/map//30265_雷兹医生的家
41006  ./data/map//41006_客房 D
4500  ./data/map//4500_废屋
59814  ./data/map//59814_雪拉威森之塔第14层
33223  ./data/map//33223_无人洞穴
32807  ./data/map//32807_未知洞穴
5010  ./data/map//5010_香蒂的房间
30267  ./data/map//30267_村长家的地下室
59505  ./data/map//59505_光之路
2312  ./data/map//2312_村长的家
33241  ./data/map//33241_种子保管库
43178  ./data/map//43178_民房
15566  ./data/map//15566_风之洞窟 10层
20514  ./data/map//20514_冰雪的牢城 第1层
1487  ./data/map//1487_休息室
41000  ./data/map//41000_艾欧奇亚号
24066  ./data/map//24066_诅咒的迷宫地下58层
23050  ./data/map//23050_爱の岛
20109  ./data/map//20109_六曜之塔 9层
20302  ./data/map//20302_风鸣之塔 2层
2214  ./data/map//2214_村长的家地下室
1510  ./data/map//1510_客房
33284  ./data/map//33284_民房
32533  ./data/map//32533_遗迹底层
23090  ./data/map//23090_石魔领域2层
59885  ./data/map//59885_矫扼傀家狼 啪 85摸
2811  ./data/map//2811_迄胶 备荤苛(捞明虐救)
33108  ./data/map//33108_谒见之间
23603  ./data/map//23603_师范的房间
59806  ./data/map//59806_雪拉威森之塔第6层
20429  ./data/map//20429_神篱
33205  ./data/map//33205_银行
726  ./data/map//726_百人086层
24047  ./data/map//24047_诅咒的迷宫地下39层
59535  ./data/map//59535_神殿 里侧大厅
43743  ./data/map//43743_民房
32216  ./data/map//32216_优纪断崖
410  ./data/map//410_百人8层
15509  ./data/map//15509_旅馆
59777  ./data/map//59777
5001  ./data/map//5001_大地鼠婆婆的家
16500  ./data/map//16500_海贼的祠堂
32523  ./data/map//32523_立葛曲洞
6100  ./data/map//6100_伊尔村
46039  ./data/map//46039_训练设施 第1层
33237  ./data/map//33237_再生花园
34003  ./data/map//34003_南恰拉山 第二通道
46065  ./data/map//46065_马杜克的船甲板
33253  ./data/map//33253_汉克的房间
43814  ./data/map//43814_岬之神殿 地下4层
20000  ./data/map//20000_巴洛斯之门
1205  ./data/map//1205_休息室
33267  ./data/map//33267_客房
46040  ./data/map//46040_训练设施 第2层
40002  ./data/map//40002_往哥拉尔 栈桥
13511  ./data/map//13511_大鲶鱼王的大肠
59896  ./data/map//59896_矫扼傀家狼 啪 96摸
20305  ./data/map//20305_风鸣之塔 5层
4801  ./data/map//4801_民房
2302  ./data/map//2302_1楼 小房间
1031  ./data/map//1031_凯蒂夫人的店
59636  ./data/map//59636_威雷的领域 力之回廊
41019  ./data/map//41019_飘府畔龋
11030  ./data/map//11030_竹的住处
15301  ./data/map//15301_森
14010  ./data/map//14010_参拜之道
23064  ./data/map//23064_熔岩洞窟4楼
59704  ./data/map//59704_冰室　3层
59841  ./data/map//59841_雪拉威森塔 41层
16513  ./data/map//16513_咒缚之帐
59665  ./data/map//59665_家族房间
1152  ./data/map//1152_毕夫鲁的 家
544  ./data/map//544_百人044层
59715  ./data/map//59715_々々々
1530  ./data/map//1530_召唤之间
62010  ./data/map//62010_世界之树根部
35005  ./data/map//35005_梅之间
24032  ./data/map//24032_诅咒的迷宫地下24层
46001  ./data/map//46001_仓库
11012  ./data/map//11012_地下通道
60001  ./data/map//60001_神秘之屋
15572  ./data/map//15572_光明与黑暗的祭坛
59536  ./data/map//59536_约尔克庙
1494  ./data/map//1494_休息室
59551  ./data/map//59551_中村蔬果店
13010  ./data/map//13010_流星山丘 200M
59856  ./data/map//59856_雪拉威森塔 56层
62025  ./data/map//62025_长老之家
59631  ./data/map//59631_阿陀罗的领域 技之回廊
14000  ./data/map//14000_莎莲娜西边洞窟
4140  ./data/map//4140_治愈之间
23098  ./data/map//23098_斯巴卡领域2层
2251  ./data/map//2251_民家
59812  ./data/map//59812_雪拉威森之塔第12层
59727  ./data/map//59727_地之昏神的领域
4008  ./data/map//4008_PUB
2308  ./data/map//2308_赛谢利亚酒吧
59646  ./data/map//59646_阿陀罗的领域 技之回廊
13007  ./data/map//13007_流星山丘
62028  ./data/map//62028_西边矿洞顶层
434  ./data/map//434_百人024层
30211  ./data/map//30211_托德的家
2303  ./data/map//2303_地下工房
59632  ./data/map//59632_花萝的领域 力之回廊
1531  ./data/map//1531_回廊
59630  ./data/map//59630_阿陀罗的领域 技之回廊
15545  ./data/map//15545_迷一般的房间
14019  ./data/map//14019_海贼的据点 地下5层
4212  ./data/map//4212_村长的家
25000  ./data/map//25000_休息室一层
20526  ./data/map//20526_冰雪的牢城 第13层
52002  ./data/map//52002_迷宫三层
62009  ./data/map//62009_井底
1184  ./data/map//1184_旅馆2层
41001  ./data/map//41001_艾欧奇亚号
13011  ./data/map//13011_流星山丘
32803  ./data/map//32803_未知洞穴
11111  ./data/map//11111_试验样品房间
101  ./data/map//101_巴洛斯
59519  ./data/map//59519_辛梅尔
48003  ./data/map//48003_火山 地下5楼
33608  ./data/map//33608_遗迹 最下层
30264  ./data/map//30264_哈格的家
62017  ./data/map//62017_神龙之间
15589  ./data/map//15589_白龙城 20层
34022  ./data/map//34022_漆黑之穴
13019  ./data/map//13019_沙尘之洞 地下8层
46046  ./data/map//46046_魔导研究塔入口
59530  ./data/map//59530_神殿 伽蓝
703  ./data/map//703_百人063层
1041  ./data/map//1041_达美姐妹的店
33266  ./data/map//33266_客房
1165  ./data/map//1165_水晶交换所
32699  ./data/map//32699_技能屋
45000  ./data/map//45000_桃源乡
20508  ./data/map//20508_冰雪的牢城 第8层
1473  ./data/map//1473_竞技场
13504  ./data/map//13504_鲶鱼洞窟 地底湖
666  ./data/map//666_瘤窍 皑苛 抛胶飘 敲肺绢
43821  ./data/map//43821_深海 第2层
48016  ./data/map//48016_火山 2楼
43573  ./data/map//43573_雅各的家
44710  ./data/map//44710_迷宫入口
20522  ./data/map//20522_冰雪的牢城 第13层
5015  ./data/map//5015_迷宫最下层
658  ./data/map//658_百人058层
34002  ./data/map//34002_南恰拉山 第二通道
4808  ./data/map//4808_民房
536  ./data/map//536_百人036层
2101  ./data/map//2101_装备店
23501  ./data/map//23501_露比的房间
30335  ./data/map//30335_装备店
41014  ./data/map//41014_德那杰斯号
4100  ./data/map//4100_阿斯提亚镇
14023  ./data/map//14023_海贼的据点
32731  ./data/map//32731_小路
47018  ./data/map//47018_森之墓场
32505  ./data/map//32505_通往摩顿村的通道
23053  ./data/map//23053_秘密之地
15502  ./data/map//15502_奇怪的地下室
555  ./data/map//555_monster 抛胶飘 敲肺绢
59663  ./data/map//59663_家族宠物房间
986  ./data/map//986_胜利之间
43974  ./data/map//43974_民家
20117  ./data/map//20117_六曜之塔 10层
15554  ./data/map//15554_咨询之门
43520  ./data/map//43520_地下一楼
1061  ./data/map//1061_陶欧食品店
60002  ./data/map//60002_休憩的小屋
30333  ./data/map//30333_蕾欧娜村的传送点
34011  ./data/map//34011_大树 4层
47008  ./data/map//47008_饲养师合宿所
31287  ./data/map//31287_地底村入口
1190  ./data/map//1190_民家
59664  ./data/map//59664_家族房间
47031  ./data/map//47031_过去的森林
988  ./data/map//988_胜利之间
33213  ./data/map//33213_比比卡片屋
59695  ./data/map//59695_洞窟之村二楼
32044  ./data/map//32044_客房
1422  ./data/map//1422_升官图
30202  ./data/map//30202_村长的家
32282  ./data/map//32282_丝米村
15527  ./data/map//15527_御酒殿
30126  ./data/map//30126_商人卡斯楚的家
4405  ./data/map//4405_青龙的洞窟地下2层
33602  ./data/map//33602_遗迹 地下2楼
4457  ./data/map//4457_地底湖 地下2楼
33299  ./data/map//33299_民房
20105  ./data/map//20105_六曜之塔 5层
32043  ./data/map//32043_杂货店
13500  ./data/map//13500_鲶鱼洞窟 地下1层
21023  ./data/map//21023_井底之道
30011  ./data/map//30011_尼维尔海村
15528  ./data/map//15528_御酒殿
46013  ./data/map//46013_伊利斯矿山 地下1层
32032  ./data/map//32032_地下密室
23070  ./data/map//23070_熔岩洞窟深处
33257  ./data/map//33257_食堂
23079  ./data/map//23079_斯巴卡宫殿 入口
1408  ./data/map//1408_第三名的房间
32729  ./data/map//32729_相会之殿
41020  ./data/map//41020_飘府畔龋
23081  ./data/map//23081_水君领域2层
11010  ./data/map//11010_试炼之洞窟 第5层
882  ./data/map//882_万能就职屋
1466  ./data/map//1466_竞技场
59867  ./data/map//59867_矫扼傀家狼 啪 67摸
13018  ./data/map//13018_沙尘之洞 地下8层
1484  ./data/map//1484_休息室
1470  ./data/map//1470_竞技场
43978  ./data/map//43978_民家
59815  ./data/map//59815_雪拉威森之塔第15层
41029  ./data/map//41029_刮起暴风的海
59689  ./data/map//59689_试炼山4层
535  ./data/map//535_百人035层
59826  ./data/map//59826_雪拉威森之塔第26层
23003  ./data/map//23003_帝都亚瑟芬 地下
5007  ./data/map//5007_民房
59543  ./data/map//59543_防具店
15517  ./data/map//15517_森林小路
1475  ./data/map//1475_竞技场
24040  ./data/map//24040_诅咒的迷宫地下32层
1103  ./data/map//1103_法兰彩票中心
15402  ./data/map//15402_冰之洞窟 2层
32730  ./data/map//32730_32730
23065  ./data/map//23065_熔岩洞窟5楼
23077  ./data/map//23077_肯诺尔的房间
1051  ./data/map//1051_强哥杂货店
1468  ./data/map//1468_竞技场
37002  ./data/map//37002_海贼的牢狱 入口
4811  ./data/map//4811_民房
532  ./data/map//532_百人032层
16518  ./data/map//16518_海贼的洞窟 地下3层
36001  ./data/map//36001_布朗山 1000M
15541  ./data/map//15541_黑色祭坛
30199  ./data/map//30199_亚诺曼传送中心
20150  ./data/map//20150_六曜之塔 1层
5005  ./data/map//5005_井的底部
11029  ./data/map//11029_又小又暗的洞
20519  ./data/map//20519_冰雪的牢城 第8层
3000  ./data/map//3000_加纳村
11035  ./data/map//11035_土之洞窟 第2层
59719  ./data/map//59719
48020  ./data/map//48020_火山 5楼
46014  ./data/map//46014_伊利斯矿山大坑道
59641  ./data/map//59641_恩·凯的领域 力之回廊32
34013  ./data/map//34013_海峡通道
62044  ./data/map//62044_树精的根据地
59730  ./data/map//59730_水之昏神的领域
30113  ./data/map//30113_比利啤酒屋
13009  ./data/map//13009_流星山丘山顶
32047  ./data/map//32047_SE研究中心支部
11038  ./data/map//11038_谜一般的房间
47019  ./data/map//47019_受诅咒者之间
2420  ./data/map//2420_民房
20520  ./data/map//20520_冰雪的牢城 第11层
30128  ./data/map//30128_绅斯的家
33262  ./data/map//33262_杀害现场
44690  ./data/map//44690_圣骑士营地
59501  ./data/map//59501_温迪尔
62065  ./data/map//62065_时空之寺
59870  ./data/map//59870_矫扼傀家狼 啪 70摸
48012  ./data/map//48012_火山 最底层
59635  ./data/map//59635_花萝的领域 技之回廊
20004  ./data/map//20004_巴洛斯之门
1803  ./data/map//1803_租 房
62046  ./data/map//62046_胜利之间
59506  ./data/map//59506_光之路
1204  ./data/map//1204_地下仓库
4415  ./data/map//4415_教室
15559  ./data/map//15559_咨询之门
21011  ./data/map//21011_镜中豪宅 阁楼
723  ./data/map//723_百人083层
59690  ./data/map//59690_试炼山5层
710  ./data/map//710_百人070层
23073  ./data/map//23073_结界之塔
34001  ./data/map//34001_南恰拉山 第一通道
43710  ./data/map//43710_医院
14011  ./data/map//14011_参拜之道
59625  ./data/map//59625_恩·凯的领域 技之回廊
982  ./data/map//982_胜利之间
15588  ./data/map//15588_黑暗之窗
62035  ./data/map//62035_幻境森林
46004  ./data/map//46004_哥拉尔城兵营
43189  ./data/map//43189_民房
2001  ./data/map//2001_装备店
938  ./data/map//938_堡垒树之阁
43600  ./data/map//43600_鲁米那斯
20108  ./data/map//20108_六曜之塔 8层
45002  ./data/map//45002_桃源乡
30334  ./data/map//30334_餐厅
1481  ./data/map//1481_竞技场
15540  ./data/map//15540_白色祭坛
24039  ./data/map//24039_诅咒的迷宫地下31层
32021  ./data/map//32021_鬼掌森林
43530  ./data/map//43530_水精灵酒吧
32532  ./data/map//32532_遗迹底层
4309  ./data/map//4309_PUB 地下
59502  ./data/map//59502_梅布尔
11020  ./data/map//11020_科目拉萨洞穴
43800  ./data/map//43800_岬之神殿
59552  ./data/map//59552_国民会馆
4221  ./data/map//4221_PUB 地下
1482  ./data/map//1482_休息室
32019  ./data/map//32019_屋？
2807  ./data/map//2807_民房
62008  ./data/map//62008_密室
23100  ./data/map//23100_斯巴卡宫殿
23085  ./data/map//23085_炎神守护地
43740  ./data/map//43740_民房
20517  ./data/map//20517_冰雪的牢城 第5层
11002  ./data/map//11002_维诺亚洞穴 地下1楼
438  ./data/map//438_百人028层
30109  ./data/map//30109_胜利布庄
4413  ./data/map//4413_调理室
59732  ./data/map//59732_风之昏神的领域
33105  ./data/map//33105_贵宾室
4812  ./data/map//4812_民房
59844  ./data/map//59844_雪拉威森塔 44层
59500  ./data/map//59500_盖雷布伦森林
33268  ./data/map//33268_客房
31290  ./data/map//31290_又小又暗的洞
33292  ./data/map//33292_民房
1800  ./data/map//1800_即死
3802  ./data/map//3802_民房
1491  ./data/map//1491_休息室
23056  ./data/map//23056_亚尔的家
4143  ./data/map//4143_神殿
15012  ./data/map//15012_咒术师的据点
33500  ./data/map//33500_坎那贝拉村
59699  ./data/map//59699_冰室　1层
59652  ./data/map//59652_威雷的领域 力之回廊35
2121  ./data/map//2121_民房
13004  ./data/map//13004_流星山丘 200M
59658  ./data/map//59658_恩·凯的领域 技之回廊
32058  ./data/map//32058_神秘小屋
20510  ./data/map//20510_冰雪的牢城 第10层
59860  ./data/map//59860_雪拉威森塔 60层
15592  ./data/map//15592_维诺亚海底洞窟
4333  ./data/map//4333_民房
407  ./data/map//407_百人5层
62043  ./data/map//62043_过去的雪山之顶
33215  ./data/map//33215_港湾管理处
1155  ./data/map//1155_山男的家
34008  ./data/map//34008_大树 1层
711  ./data/map//711_百人071层
4201  ./data/map//4201_蒂娜村
62038  ./data/map//62038_龙神之所
32039  ./data/map//32039_村长的家
20169  ./data/map//20169_六曜之塔 9层
11019  ./data/map//11019_藏宝库
999  ./data/map//999_999-抛胶飘 敲肺绢
718  ./data/map//718_百人078层
2307  ./data/map//2307_家犁啊霸
20524  ./data/map//20524_冰雪的牢城 第6层
15596  ./data/map//15596_炎之洞窟 地下16层
24015  ./data/map//24015_诅咒的迷宫地下7层
24068  ./data/map//24068_佛梯
4000  ./data/map//4000_杰诺瓦镇
59839  ./data/map//59839_雪拉威森之塔第39层
1102  ./data/map//1102_走廊
14003  ./data/map//14003_莎莲娜东边洞窟 地下1层
59752  ./data/map//59752
59524  ./data/map//59524_丘斯特村
51016  ./data/map//51016_黑之宫殿 地下10楼
1461  ./data/map//1461_竞技场
30104  ./data/map//30104_锐建武器店
32048  ./data/map//32048_SE研究中心支部
1181  ./data/map//1181_弓箭手工会
24003  ./data/map//24003_斋戒
23089  ./data/map//23089_石魔领域1层
59638  ./data/map//59638_威雷的领域 技之回廊
33610  ./data/map//33610_遗迹 最下层
46018  ./data/map//46018_艾儿卡丝之家 2楼
13002  ./data/map//13002_流星山丘 100M
43751  ./data/map//43751_神殿 1楼
30358  ./data/map//30358_义勇军前哨站
62037  ./data/map//62037_龙神之渊顶层
15567  ./data/map//15567_风之洞窟 20层
59782  ./data/map//59782
59875  ./data/map//59875_矫扼傀家狼 啪 75摸
4410  ./data/map//4410_魔法大学
20301  ./data/map//20301_风鸣之塔 1层
59688  ./data/map//59688_试炼山3层
47033  ./data/map//47033_过去的森林
4802  ./data/map//4802_民房
62015  ./data/map//62015_龙的森林
62029  ./data/map//62029_西边矿洞顶层
1162  ./data/map//1162_流行商店
51015  ./data/map//51015_黑之宫殿 地下9楼
5011  ./data/map//5011_香蒂的房间
59609  ./data/map//59609_花萝的领域 力之回廊
43131  ./data/map//43131_地下 竞技场
46008  ./data/map//46008_地下竞技场
4430  ./data/map//4430_实验室
15203  ./data/map//15203_海贼之岛
32020  ./data/map//32020_地下室
30111  ./data/map//30111_旅馆二楼
657  ./data/map//657_百人057层
23051  ./data/map//23051_神秘洞穴
1486  ./data/map//1486_休息室
43773  ./data/map//43773_客房
15595  ./data/map//15595_炎之洞窟
3002  ./data/map//3002_地下一楼
16501  ./data/map//16501_亚特留东方洞窑
59522  ./data/map//59522_利夏岛
15585  ./data/map//15585_白龙城 天守阁
46048  ./data/map//46048_培养室
43730  ./data/map//43730_村长家
727  ./data/map//727_百人087层
1536  ./data/map//1536_启程之间
1112  ./data/map//1112_城东医院
1011  ./data/map//1011_希洛克武器店
20310  ./data/map//20310_风鸣之塔 10层
2225  ./data/map//2225_民家
59710  ./data/map//59710_阿陀罗的领域 上宫
59657  ./data/map//59657_恩·凯的领域 力之回廊
59836  ./data/map//59836_雪拉威森之塔第36层
435  ./data/map//435_百人025层
33272  ./data/map//33272_客房
45011  ./data/map//45011_修行场
23093  ./data/map//23093_花妖领域2层
659  ./data/map//659_百人059层
33271  ./data/map//33271_客房
4144  ./data/map//4144_神殿
59644  ./data/map//59644_阿陀罗的领域 力之回廊
59621  ./data/map//59621_恩·凯的领域 玄关
5013  ./data/map//5013_香蒂的房间
30014  ./data/map//30014_蕾欧娜村
59876  ./data/map//59876_矫扼傀家狼 啪 76摸
59555  ./data/map//59555_杂货屋
14008  ./data/map//14008_洞窟(假) 6层
2110  ./data/map//2110_医院
431  ./data/map//431_百人021层
20120  ./data/map//20120_月之圣殿
13510  ./data/map//13510_鲶鱼大王体内通道
33111  ./data/map//33111_兵舍
403  ./data/map//403_百人1层
23091  ./data/map//23091_石魔守护地
43160  ./data/map//43160_哥拉尔 工房
1424  ./data/map//1424_升官图走廊
45012  ./data/map//45012_修行场
14006  ./data/map//14006_莎莲娜东边洞窟 地下4层
59863  ./data/map//59863_矫扼傀家狼 啪 63摸
23068  ./data/map//23068_熔岩洞窟深处
33117  ./data/map//33117_城堡的地下迷宫
62052  ./data/map//62052_胜利之间
59833  ./data/map//59833_雪拉威森之塔第33层
730  ./data/map//730_百人090层
43971  ./data/map//43971_民家
13016  ./data/map//13016_沙尘之洞 地下7层
51014  ./data/map//51014_黑之宫殿 地下8楼
24018  ./data/map//24018_诅咒的迷宫地下10层
43813  ./data/map//43813_岬之神殿 地下3层
1521  ./data/map//1521_里谢里雅堡 2层
47025  ./data/map//47025_冥府之道
15010  ./data/map//15010_咒术师的据点
48014  ./data/map//48014_火山 1楼
43720  ./data/map//43720_杂货店
43812  ./data/map//43812_岬之神殿 地下2层
3020  ./data/map//3020_考古学家吉村的家
43541  ./data/map//43541_村长的家 2层
48026  ./data/map//48026_归途
4401  ./data/map//4401_实验室
52004  ./data/map//52004_奇异空间
436  ./data/map//436_百人026层
34016  ./data/map//34016_大树
33235  ./data/map//33235_再生花园
30125  ./data/map//30125_梅克的家
24074  ./data/map//24074_佛梯
43826  ./data/map//43826_深海 第7层
30114  ./data/map//30114_文明艺术广场
543  ./data/map//543_百人043层
32023  ./data/map//32023_豪宅一楼
46031  ./data/map//46031_秘密房间
20118  ./data/map//20118_六曜之塔 10层
46021  ./data/map//46021_艾儿卡丝之家 2楼
59849  ./data/map//59849_雪拉威森塔 49层
546  ./data/map//546_百人046层
23104  ./data/map//23104_传诵门
23055  ./data/map//23055_神秘洞穴
59890  ./data/map//59890_矫扼傀家狼 啪 90摸
15103  ./data/map//15103_海贼的矿山
41007  ./data/map//41007_客房 E
48011  ./data/map//48011_火山 最底层
62069  ./data/map//62069_VIP休息室
2800  ./data/map//2800_民房
2120  ./data/map//2120_荷特尔咖哩店
59828  ./data/map//59828_雪拉威森之塔第28层
43153  ./data/map//43153_哥拉尔城兵营
1462  ./data/map//1462_竞技场
1062  ./data/map//1062_拿潘食品店
2255  ./data/map//2255_民家
46063  ./data/map//46063_始祖之墓
2212  ./data/map//2212_村长的家
51011  ./data/map//51011_黑之宫殿 地下5楼
43776  ./data/map//43776_烹肺
35002  ./data/map//35002_地下遗迹 最下层
33002  ./data/map//33002_船
32217  ./data/map//32217_优纪断崖
30010  ./data/map//30010_亚诺曼城
15401  ./data/map//15401_冰之塔 通道
30261  ./data/map//30261_医院
15526  ./data/map//15526_峡之洞窟
43822  ./data/map//43822_深海 第3层
59548  ./data/map//59548_银行
20304  ./data/map//20304_风鸣之塔 4层
23102  ./data/map//23102_斯巴卡宫殿 入口
4230  ./data/map//4230_PUB
59656  ./data/map//59656_恩·凯的领域 力之回廊
406  ./data/map//406_百人4层
46025  ./data/map//46025_客房
15576  ./data/map//15576_圣夜的家
24016  ./data/map//24016_诅咒的迷宫地下8层
21003  ./data/map//21003_仓库 地下2层
27001  ./data/map//27001_曙光骑士营地
32511  ./data/map//32511_里欧波多洞窟
48000  ./data/map//48000_火山 地下1楼
15568  ./data/map//15568_洪恩大风洞山顶
27015  ./data/map//27015_曙光营指挥部
46057  ./data/map//46057_岛的洞窟
23086  ./data/map//23086_雷帝领域1层
40005  ./data/map//40005_往阿凯鲁法 栈桥
24033  ./data/map//24033_诅咒的迷宫地下25层
547  ./data/map//547_百人047层
59705  ./data/map//59705_罪之房　1层
5004  ./data/map//5004_试炼之门
21001  ./data/map//21001_仓库 最底层
23103  ./data/map//23103_斯巴卡宫殿
23095  ./data/map//23095_罪之渊
24060  ./data/map//24060_诅咒的迷宫地下52层
30149  ./data/map//30149_亚诺曼地底通道
15525  ./data/map//15525_峡之洞窟
15547  ./data/map//15547_水之试炼
1522  ./data/map//1522_起程之间
62040  ./data/map//62040_贝尼恰斯火山秘地
1508  ./data/map//1508_客房
59888  ./data/map//59888_矫扼傀家狼 啪 88摸
4009  ./data/map//4009_PUB 地下
32027  ./data/map//32027_地下密室
11009  ./data/map//11009_试炼之洞窟 第4层
32724  ./data/map//32724_古典竞技场
62013  ./data/map//62013_世界之树之心
43140  ./data/map//43140_冒险者旅馆
59723  ./data/map//59723_去脚窍胶鸥狼 康开 惑泵
33274  ./data/map//33274_客房
62036  ./data/map//62036_龙神之渊顶层
777  ./data/map//777_777
20307  ./data/map//20307_风鸣之塔 7层
33243  ./data/map//33243_研究栋
2013  ./data/map//2013_泰勒的家
32506  ./data/map//32506_通往摩顿村的通道
724  ./data/map//724_百人084层
15533  ./data/map//15533_黑暗之巢 2楼
51104  ./data/map//51104_宝座
24029  ./data/map//24029_诅咒的迷宫地下21层
59683  ./data/map//59683_黑历史之石洞 5楼
59583  ./data/map//59583_葫芦旅馆
46038  ./data/map//46038_绅士淑女养成学校
59735  ./data/map//59735_水昏神的领域 内宫
59726  ./data/map//59726_火之昏神的领域
59706  ./data/map//59706_罪之房　2层
33245  ./data/map//33245_研究栋
27007  ./data/map//27007_曙光营地酒吧
33001  ./data/map//33001_付阑 救 BGM
1012  ./data/map//1012_强盖鲁特武器店
713  ./data/map//713_百人073层
15546  ./data/map//15546_水之试炼
24061  ./data/map//24061_诅咒的迷宫地下53层
1850  ./data/map//1850_公寓
43170  ./data/map//43170_民房
37000  ./data/map//37000_水鸟号甲板
43570  ./data/map//43570_民房
59744  ./data/map//59744_眉秋明 4楼
33209  ./data/map//33209_玉兔修理店
3010  ./data/map//3010_医院
46052  ./data/map//46052_马杜克的船甲板
1195  ./data/map//1195_王宫食堂
1157  ./data/map//1157_波利的家
13001  ./data/map//13001_洪恩大风洞
424  ./data/map//424_百人014层
1471  ./data/map//1471_竞技场
3353  ./data/map//3353_冯奴的家
23080  ./data/map//23080_水君领域1层
4299  ./data/map//4299_蒂娜村传送之间
7001  ./data/map//7001_地下牢房
48001  ./data/map//48001_火山 地下3楼
33290  ./data/map//33290_民房
708  ./data/map//708_百人068层
4810  ./data/map//4810_民房
46017  ./data/map//46017_食堂
531  ./data/map//531_百人031层
47029  ./data/map//47029_冥府之道
48015  ./data/map//48015_贝尼恰斯火山
24024  ./data/map//24024_诅咒的迷宫地下16层
15593  ./data/map//15593_维诺亚海底洞窟
59843  ./data/map//59843_雪拉威森塔 43层
705  ./data/map//705_百人065层
62018  ./data/map//62018_神龙之间
23606  ./data/map//23606_体之房
59785  ./data/map//59785
43610  ./data/map//43610_医院
2306  ./data/map//2306_食品店
422  ./data/map//422_百人012层
2810  ./data/map//2810_TestMap
48034  ./data/map//48034_休息室形象屋
33112  ./data/map//33112_藏宝库
981  ./data/map//981_胜利之间
60115  ./data/map//60115_冤魂之界
32063  ./data/map//32063_广场展览室
30110  ./data/map//30110_旅馆
34024  ./data/map//34024_斩首
59671  ./data/map//59671_尽头的风穴　2楼
59808  ./data/map//59808_雪拉威森之塔第8层
33000  ./data/map//33000_米内葛尔
21004  ./data/map//21004_仓库 最底层
4451  ./data/map//4451_仓库內部
30304  ./data/map//30304_餐厅
59620  ./data/map//59620_威雷的领域 上宫
35010  ./data/map//35010_太古之研究所
62019  ./data/map//62019_谜之房间
59527  ./data/map//59527_丘斯特村
2202  ./data/map//2202_地下二楼
52003  ./data/map//52003_奇异空间
4320  ./data/map//4320_民房
21000  ./data/map//21000_仓库 地下3层
59667  ./data/map//59667_家族宠物房间
444  ./data/map//444_TestFloor Encount侩
59829  ./data/map//59829_雪拉威森之塔第29层
20001  ./data/map//20001_阿斯堤亚神殿
736  ./data/map//736_百人096层
59903  ./data/map//59903_矫扼傀家狼 啪 60摸
48024  ./data/map//48024_贝尼恰斯火山 山顶
59895  ./data/map//59895_矫扼傀家狼 啪 95摸
33297  ./data/map//33297_民房
3014  ./data/map//3014_村长的家
20512  ./data/map//20512_冰雪的牢城 第12层
24017  ./data/map//24017_诅咒的迷宫地下9层
13512  ./data/map//13512_大鲶鱼王的大肠
1538  ./data/map//1538_封印之间
21009  ./data/map//21009_镜中豪宅 2层
16511  ./data/map//16511_神殿
59802  ./data/map//59802_雪拉威森之塔第2层
23500  ./data/map//23500_露比的房间
59778  ./data/map//59778
59880  ./data/map//59880_矫扼傀家狼 啪 80摸
11032  ./data/map//11032_树海
45001  ./data/map//45001_桃源乡
33251  ./data/map//33251_汉克的房间
43172  ./data/map//43172_民房
2099  ./data/map//2099_伊尔村传送点
47021  ./data/map//47021_受诅咒者之间
33114  ./data/map//33114_大圣堂
2803  ./data/map//2803_民房
33512  ./data/map//33512_武器店
30205  ./data/map//30205_尼维尔装备店
43571  ./data/map//43571_民房
56563  ./data/map//56563_窍胶鸥的家
34015  ./data/map//34015_海峡通道
1092  ./data/map//1092_职业工会
23002  ./data/map//23002_罗连斯研究塔最上层
14005  ./data/map//14005_莎莲娜东边洞窟 地下3层
30123  ./data/map//30123_史门的家
59899  ./data/map//59899_矫扼傀家狼 啪 99摸
59832  ./data/map//59832_雪拉威森之塔第32层
1810  ./data/map//1810_饲养师的家
11021  ./data/map//11021_科比先洞穴
4208  ./data/map//4208_PUB
1809  ./data/map//1809_租 房
301  ./data/map//301_阿卡斯
15542  ./data/map//15542_水之洞窟
302  ./data/map//302_契约的海道
1485  ./data/map//1485_休息室
62061  ./data/map//62061_技能学习屋
62057  ./data/map//62057_胜利之间
59678  ./data/map//59678_熔岩地带　3楼
59613  ./data/map//59613_花萝的领域 上宫
4411  ./data/map//4411_技术室
59700  ./data/map//59700_冰室　2层
59614  ./data/map//59614_威雷的领域 玄关
33516  ./data/map//33516_医院
33263  ./data/map//33263_平台
43183  ./data/map//43183_学校 1楼
59557  ./data/map//59557_第二王座
35011  ./data/map//35011_太古之研究所
59884  ./data/map//59884_矫扼傀家狼 啪 84摸
4407  ./data/map//4407_青龙的洞窟3层
59666  ./data/map//59666_家族房间
41012  ./data/map//41012_客房
15537  ./data/map//15537_白色祭坛
1512  ./data/map//1512_寢宫
59879  ./data/map//59879_矫扼傀家狼 啪 79摸
11004  ./data/map//11004_哈巴鲁东边洞窟 地下2楼
43820  ./data/map//43820_深海 第1层
1489  ./data/map//1489_休息室
30001  ./data/map//30001_德威特岛
32037  ./data/map//32037_酒窖
59901  ./data/map//59901_矫扼傀家狼 啪 20摸
30257  ./data/map//30257_往蕾欧娜村的运输船
43675  ./data/map//43675_长老的家 2楼
33288  ./data/map//33288_民房
4213  ./data/map//4213_村长的家
33120  ./data/map//33120_逃脱暗道 东方
25001  ./data/map//25001_休息室内部商场
23001  ./data/map//23001_罗连斯研究塔最上层
61019  ./data/map//61019_万能传送之间
15008  ./data/map//15008_咒术师的据点
4804  ./data/map//4804_民房
46009  ./data/map//46009_海豚酒吧
4141  ./data/map//4141_神殿
15570  ./data/map//15570_迷一般的房间
33212  ./data/map//33212_夏吉姆诊所
1420  ./data/map//1420_升官图房间1
549  ./data/map//549_百人049层
32053  ./data/map//32053_白湾沙滩
15560  ./data/map//15560_咨询之门
13008  ./data/map//13008_流星山丘 300M
34019  ./data/map//34019_漆黑之穴
881  ./data/map//881_技能屋
15538  ./data/map//15538_地底的裂口
11022  ./data/map//11022_小路
59818  ./data/map//59818_雪拉威森之塔第18层
656  ./data/map//656_百人056层
15594  ./data/map//15594_维诺亚海底洞窟
15582  ./data/map//15582_南边下山的路
13509  ./data/map//13509_大鲶鱼王的胃袋
21013  ./data/map//21013_豪宅
24022  ./data/map//24022_诅咒的迷宫地下14层
24026  ./data/map//24026_诅咒的迷宫地下18层
48002  ./data/map//48002_火山 地下4楼
43977  ./data/map//43977_村长的家
33224  ./data/map//33224_无人洞穴0
15573  ./data/map//15573_光明与黑暗的祭坛
59902  ./data/map//59902_矫扼傀家狼 啪 40摸
404  ./data/map//404_百人2层
59687  ./data/map//59687_试炼山2层
16510  ./data/map//16510_入口
11027  ./data/map//11027_国营第24坑道 地下4层
33511  ./data/map//33511_卡尔彭酒吧
2253  ./data/map//2253_民家
3354  ./data/map//3354_冯奴的家
15501  ./data/map//15501_奇怪的医师家
660  ./data/map//660_百人060层
59817  ./data/map//59817_雪拉威森之塔第17层
720  ./data/map//720_百人080层
59686  ./data/map//59686_试炼山1层
40004  ./data/map//40004_魂龋檬青栈桥
59834  ./data/map//59834_雪拉威森之塔第34层
60117  ./data/map//60117_幽灵地界
44694  ./data/map//44694_民房
14036  ./data/map//14036_海贼的据点
15400  ./data/map//15400_冰之洞窟
33503  ./data/map//33503_民房
4417  ./data/map//4417_音乐室
32806  ./data/map//32806_未知洞穴
20501  ./data/map//20501_冰雪的牢城 第1层
24042  ./data/map//24042_诅咒的迷宫地下34层
41008  ./data/map//41008_客房 F
15561  ./data/map//15561_咨询之门
21007  ./data/map//21007_豪宅 地下
11033  ./data/map//11033_土之洞窟
59685  ./data/map//59685_黑历史之石洞 7楼
32052  ./data/map//32052_巴比塔
33515  ./data/map//33515_医院
51001  ./data/map//51001_黑之宫殿
46026  ./data/map//46026_哥拉尔城
20518  ./data/map//20518_冰雪的牢城 第5层
33513  ./data/map//33513_防具店
15549  ./data/map//15549_咨询之门
33507  ./data/map//33507_民房
734  ./data/map//734_百人094层
30121  ./data/map//30121_艾莉的家
33508  ./data/map//33508_民房
30212  ./data/map//30212_托德的家 二楼
3008  ./data/map//3008_PUB
43110  ./data/map//43110_医院
409  ./data/map//409_百人7层
33238  ./data/map//33238_再生花园
43182  ./data/map//43182_民房
59661  ./data/map//59661_家族房间
45003  ./data/map//45003_桃源乡
3200  ./data/map//3200_奇利村
24007  ./data/map//24007_圣餐之间
2804  ./data/map//2804_民房
33509  ./data/map//33509_民房
15571  ./data/map//15571_弊鄂箕飘
46007  ./data/map//46007_地下竞技场
2310  ./data/map//2310_医院
2257  ./data/map//2257_民家
59891  ./data/map//59891_矫扼傀家狼 啪 91摸
3201  ./data/map//3201_装备店
1206  ./data/map//1206_2楼客房
45007  ./data/map//45007_修行场
20165  ./data/map//20165_六曜之塔 8层
16512  ./data/map//16512_神殿
59504  ./data/map//59504_布拉基姆高地
423  ./data/map//423_百人013层
43185  ./data/map//43185_民房
15578  ./data/map//15578_黑龙城入口
21018  ./data/map//21018_忍者之家 隐藏过道
59553  ./data/map//59553_竞技场
2805  ./data/map//2805_民房
62022  ./data/map//62022_谜之房间
4452  ./data/map//4452_仓库內部
4220  ./data/map//4220_民房
15548  ./data/map//15548_咨询之门
23604  ./data/map//23604_心之房
23601  ./data/map//23601_医疗室
1192  ./data/map//1192_民房
59674  ./data/map//59674_尽头的风穴　5楼
1509  ./data/map//1509_客房
34012  ./data/map//34012_大树 5层
24070  ./data/map//24070_诅咒的迷宫地下20层
59751  ./data/map//59751
41002  ./data/map//41002_艾欧奇亚号
46055  ./data/map//46055_岛的洞窟入口
33103  ./data/map//33103_客房
15000  ./data/map//15000_莎莲娜海底洞窟 地下1层
704  ./data/map//704_百人064层
59877  ./data/map//59877_矫扼傀家狼 啪 77摸
1423  ./data/map//1423_升官图导览间
40001  ./data/map//40001_往阿凯鲁法 栈桥
43213  ./data/map//43213_白之宫殿 2层
6400  ./data/map//6400_圣拉鲁卡村
59810  ./data/map//59810_雪拉威森之塔第10层
24050  ./data/map//24050_诅咒的迷宫地下42层
59546  ./data/map//59546_福神小馆
43983  ./data/map//43983_麦尼的洞窟 最下层
46053  ./data/map//46053_浅濑的洞窟
4414  ./data/map//4414_教室
47002  ./data/map//47002_头目的房间
59617  ./data/map//59617_威雷的领域 力之回廊
4214  ./data/map//4214_村长的家
23074  ./data/map//23074_禁地
4332  ./data/map//4332_民房地下
20161  ./data/map//20161_六曜之塔 7层
11005  ./data/map//11005_哈巴鲁东边洞窟 地下1楼
46064  ./data/map//46064_深远的黑暗
59538  ./data/map//59538_冒险者旅馆
13515  ./data/map//13515_大鲶鱼王的小肠
13005  ./data/map//13005_流星山丘
23062  ./data/map//23062_熔岩洞窟2楼
31289  ./data/map//31289_地底的医院
59697  ./data/map//59697_崩塌的入口
59503  ./data/map//59503_布拉基姆高地
20509  ./data/map//20509_冰雪的牢城 第9层
428  ./data/map//428_百人018层
59781  ./data/map//59781
548  ./data/map//548_百人048层
2010  ./data/map//2010_医院
1305  ./data/map//1305_休息室
1208  ./data/map//1208_大圣堂
46024  ./data/map//46024_客房
1492  ./data/map//1492_休息室
43150  ./data/map//43150_哥拉尔城兵营
3220  ./data/map//3220_民房
20505  ./data/map//20505_冰雪的牢城 第5层
59999  ./data/map//59999_试验用运动场 5
59531  ./data/map//59531_神殿 大厅
51012  ./data/map//51012_黑之宫殿 地下6楼
939  ./data/map//939_暗黑堡垒顶楼
27003  ./data/map//27003_曙光营地储备室
21014  ./data/map//21014_忍者之家
16519  ./data/map//16519_海贼的洞窟 地下4层
62058  ./data/map//62058_圣域
7002  ./data/map//7002_地下牢房
23605  ./data/map//23605_技之房
1207  ./data/map//1207_大圣堂
15505  ./data/map//15505_顶楼的房间
33264  ./data/map//33264_福兰克林的房间
16502  ./data/map//16502_亚留特西方洞窟
1490  ./data/map//1490_休息室
21017  ./data/map//21017_忍者之家 2层
4001  ./data/map//4001_地下一楼
4206  ./data/map//4206_侥丰前, 家犁痢
43973  ./data/map//43973_民家
32534  ./data/map//32534_遗迹底层
43179  ./data/map//43179_民房
1303  ./data/map//1303_休息室走廊
538  ./data/map//538_百人038层
37008  ./data/map//37008_湖畔
15598  ./data/map//15598_炎之试炼
33232  ./data/map//33232_酒场 地下
15563  ./data/map//15563_咨询之门
62012  ./data/map//62012_世界之树之心
15800  ./data/map//15800_封闭地点
33208  ./data/map//33208_阿凯鲁法工房
16504  ./data/map//16504_野狼船长的灵堂
33118  ./data/map//33118_王族逃脱暗道
15518  ./data/map//15518_阿鲁巴斯 研究所
51003  ./data/map//51003_黑之宫殿 墓地
33113  ./data/map//33113_阿凯鲁法城地下
33604  ./data/map//33604_遗迹 地下4楼
4502  ./data/map//4502_被封闭的祭坛
105  ./data/map//105_万能传送之间
2223  ./data/map//2223_民家
59692  ./data/map//59692_秘道二楼
33239  ./data/map//33239_种子保管库
59520  ./data/map//59520_艾尔莎
4404  ./data/map//4404_青龙的洞窟地下1层
59615  ./data/map//59615_威雷的领域 前厅35
33295  ./data/map//33295_解答篇
62004  ./data/map//62004_井底地下水脉
1534  ./data/map//1534_启程之间
1488  ./data/map//1488_休息室
24012  ./data/map//24012_诅咒的迷宫地下4层
27006  ./data/map//27006_塌陷区域
24041  ./data/map//24041_诅咒的迷宫地下33层
14020  ./data/map//14020_海贼的据点 地下4层
2200  ./data/map//2200_乌克兰
2014  ./data/map//2014_巴侬的家
33505  ./data/map//33505_民房
32050  ./data/map//32050_铁艾尼号
1456  ./data/map//1456_休息室
48008  ./data/map//48008_火山 地下10楼
34017  ./data/map//34017_大树 地下
533  ./data/map//533_百人033层
59611  ./data/map//59611_花萝的领域 技之回廊
51004  ./data/map//51004_黑之宫殿
58000  ./data/map//58000_时之沙漏
2499  ./data/map//2499_亚留特传送点
43193  ./data/map//43193_卡希菈的豪宅
21006  ./data/map//21006_镜中豪宅
1808  ./data/map//1808_租 房
14015  ./data/map//14015_参拜之道
737  ./data/map//737_百人097层
1187  ./data/map//1187_公寓
43151  ./data/map//43151_哥拉尔城兵营 2层
21002  ./data/map//21002_仓库 地下1层
33248  ./data/map//33248_山桃隐藏之家
1401  ./data/map//1401_竞技场
11034  ./data/map//11034_土之洞窟 第1层
43574  ./data/map//43574_席琳隐藏的家
32285  ./data/map//32285_锦次郎宅
62005  ./data/map//62005_山洞
4453  ./data/map//4453_仓库內部
59561  ./data/map//59561_查尔博士家
20303  ./data/map//20303_风鸣之塔 3层
59845  ./data/map//59845_雪拉威森塔 45层
59731  ./data/map//59731_风之昏神的领域
1161  ./data/map//1161_毕安札的家
2254  ./data/map//2254_民家
13503  ./data/map//13503_鲶鱼洞窟 地底湖
1533  ./data/map//1533_启程之间
15551  ./data/map//15551_光明与黑暗的祭坛
1301  ./data/map//1301_剧院1层
59676  ./data/map//59676_熔岩地带　1楼
46060  ./data/map//46060_始祖的墓地入口
900  ./data/map//900_
6200  ./data/map//6200_维诺亚村
987  ./data/map//987_胜利之间
1464  ./data/map//1464_竞技场
59660  ./data/map//59660_家族房间
1188  ./data/map//1188_公寓 2层
23060  ./data/map//23060_？？？
59734  ./data/map//59734_地昏神的领域 内宫
43910  ./data/map//43910_医院
439  ./data/map//439_百人029层
20160  ./data/map//20160_六曜之塔 7层
46058  ./data/map//46058_始祖的墓地入口
30270  ./data/map//30270_酒吧
16507  ./data/map//16507_海底洞窟 地下3层
14001  ./data/map//14001_莎莲娜西边洞窟
20414  ./data/map//20414_神篱
33116  ./data/map//33116_调查室
47006  ./data/map//47006_雷姆尔山顶
21500  ./data/map//21500_地下牢房
15510  ./data/map//15510_腐朽的祠堂
21010  ./data/map//21010_豪宅 阁楼
15504  ./data/map//15504_根萨斯的房间
24073  ./data/map//24073_诅咒的迷宫地下50层
45013  ./data/map//45013_哥拉尔城
32059  ./data/map//32059_传送间
2211  ./data/map//2211_医院
3099  ./data/map//3099_加纳村传送点
46044  ./data/map//46044_毕业之间
15500  ./data/map//15500_研究所的小房间
21051  ./data/map//21051_小路
30122  ./data/map//30122_宾拉的家
62011  ./data/map//62011_世界之树躯干
59677  ./data/map//59677_熔岩地带　2楼
59889  ./data/map//59889_矫扼傀家狼 啪 89摸
32056  ./data/map//32056_祭坛
33104  ./data/map//33104_客房
11023  ./data/map//11023_谢欧尔洞窟
62021  ./data/map//62021_谜之房间
46041  ./data/map//46041_训练设施 第3层
1504  ./data/map//1504_图书室
33607  ./data/map//33607_遗迹 地下7楼
14014  ./data/map//14014_参拜之道
714  ./data/map//714_百人074层
5009  ./data/map//5009_香蒂的房间
59608  ./data/map//59608_花萝的领域 前厅
32024  ./data/map//32024_豪宅二楼
33242  ./data/map//33242_研究栋
46051  ./data/map//46051_马杜克的船舱
4334  ./data/map//4334_民房地下
62006  ./data/map//62006_山洞
59996  ./data/map//59996_试验用运动场 2
59639  ./data/map//59639_威雷的领域 技之回廊
13013  ./data/map//13013_流星山丘
1410  ./data/map//1410_第五名的房间
2198  ./data/map//2198_村长的家
51006  ./data/map//51006_黑之宫殿
13514  ./data/map//13514_大鲶鱼王体内通道
62016  ./data/map//62016_神龙之间
33605  ./data/map//33605_遗迹 地下5楼
24004  ./data/map//24004_斋戒
59838  ./data/map//59838_雪拉威森之塔第38层
4805  ./data/map//4805_民房
1474  ./data/map//1474_竞技场
41028  ./data/map//41028_船長室
59897  ./data/map//59897_矫扼傀家狼 啪 97摸
31286  ./data/map//31286_密室
33228  ./data/map//33228_无人的隐蔽房屋
14016  ./data/map//14016_参拜之道
41016  ./data/map//41016_波雷波雷号
1411  ./data/map//1411_第六名以后的房间
43184  ./data/map//43184_学校 1楼
1518  ./data/map//1518_走廊
30220  ./data/map//30220_商场入口
59643  ./data/map//59643_恩·凯的领域 技之回廊
15522  ./data/map//15522_莎莲娜 雪山之顶
13502  ./data/map//13502_鲶鱼洞窟 地下3层
47028  ./data/map//47028_黑之宫殿
33289  ./data/map//33289_民房
1409  ./data/map//1409_第四名的房间
408  ./data/map//408_百人6层
59811  ./data/map//59811_雪拉威森之塔第11层
1500  ./data/map//1500_里谢里雅堡
62033  ./data/map//62033_幻境森林中层
30341  ./data/map//30341_民房
59851  ./data/map//59851_雪拉威森塔 51层
24008  ./data/map//24008_诅咒的迷宫
56562  ./data/map//56562_唱捞酒福的家
16515  ./data/map//16515_神殿
1541  ./data/map//1541_豪华屋
59728  ./data/map//59728_地之昏神的领域
59651  ./data/map//59651_花萝的领域 技之回廊
15583  ./data/map//15583_白龙城 20层
24002  ./data/map//24002_阿尔杰斯的慈善
30203  ./data/map//30203_尼维尔海村的传送点
46036  ./data/map//46036_秘密房间
59547  ./data/map//59547_克罗利的店
1151  ./data/map//1151_艾文蛋糕店
4424  ./data/map//4424_仓库内部
30101  ./data/map//30101_皇家宝石店
41026  ./data/map//41026_客房
59571  ./data/map//59571_厅
16505  ./data/map//16505_海贼的洞窟
37001  ./data/map//37001_水鸟号船室
3208  ./data/map//3208_PUB
16506  ./data/map//16506_露比的房间
43192  ./data/map//43192_卡希菈的豪宅
445  ./data/map//445_445
43181  ./data/map//43181_民房
61001  ./data/map//61001_蜥蜴洞穴
1153  ./data/map//1153_基尔的家
25002  ./data/map//25002_休息室地下广场
4807  ./data/map//4807_民房
46054  ./data/map//46054_无名岛
59000  ./data/map//59000_港口
540  ./data/map//540_百人040层
41024  ./data/map//41024_铁达泥号
15597  ./data/map//15597_炎之试炼
59696  ./data/map//59696_洞窟之村三楼
32028  ./data/map//32028_地下密室
33218  ./data/map//33218_小岛
15558  ./data/map//15558_咨询之门
43169  ./data/map//43169_民房
4130  ./data/map//4130_神殿
24009  ./data/map//24009_诅咒的迷宫地下1层
20111  ./data/map//20111_六曜之塔 1层
48023  ./data/map//48023_贝尼恰斯火山 山顶
5016  ./data/map//5016_黄金之地下迷宫50楼
2259  ./data/map//2259_民家
47024  ./data/map//47024_真理之间
34004  ./data/map//34004_时波之祠
46030  ./data/map//46030_瓦吉的公馆 廊下
15303  ./data/map//15303_海贼之森
30132  ./data/map//30132_教堂的房间
6300  ./data/map//6300_乌克兰
43757  ./data/map//43757_地下圣堂
778  ./data/map//778_778
33504  ./data/map//33504_瓦诺语学教室
1453  ./data/map//1453_竞技场
47007  ./data/map//47007_雷姆尔山 入口
716  ./data/map//716_百人076层
33249  ./data/map//33249_街道旁的小路
43188  ./data/map//43188_民房
62048  ./data/map//62048_胜利之间
21005  ./data/map//21005_豪宅
23083  ./data/map//23083_炎神领域1层
46045  ./data/map//46045_魔导研究塔
43755  ./data/map//43755_谒见之间
15529  ./data/map//15529_御酒殿
59717  ./data/map//59717_贝勒森林
51101  ./data/map//51101_宝座
20503  ./data/map//20503_冰雪的牢城 第3层
32284  ./data/map//32284_菟丝酒吧
46020  ./data/map//46020_艾儿卡丝之家 地下2楼
32660  ./data/map//32660_遗迹最底层
20153  ./data/map//20153_六曜之塔 4层
59864  ./data/map//59864_矫扼傀家狼 啪 64摸
2410  ./data/map//2410_医院
46032  ./data/map//46032_秘密房间0
59872  ./data/map//59872_矫扼傀家狼 啪 72摸
15587  ./data/map//15587_圣夜的家
33102  ./data/map//33102_督府执政官室
59542  ./data/map//59542_画廊
15532  ./data/map//15532_黑暗之巢 1楼
44692  ./data/map//44692_医院
20162  ./data/map//20162_六曜之塔 7层
4501  ./data/map//4501_被封闭的祭坛
15534  ./data/map//15534_后屋仓库
728  ./data/map//728_百人088层
13015  ./data/map//13015_波塔的洞穴
20115  ./data/map//20115_六曜之塔 10层
15002  ./data/map//15002_莎莲娜海底洞窟 地下1层
59612  ./data/map//59612_花萝的领域 技之回廊
49000  ./data/map//49000_贝尼恰斯山 山顶
1477  ./data/map//1477_竞技场
59628  ./data/map//59628_阿陀罗的领域 力之回廊
59740  ./data/map//59740_试炼之间
24063  ./data/map//24063_诅咒的迷宫地下55层
59784  ./data/map//59784_动物园
46027  ./data/map//46027_瓦吉的公馆 玄关
24011  ./data/map//24011_诅咒的迷宫地下3层
20530  ./data/map//20530_冰雪的牢城 第8层
59724  ./data/map//59724_4去脚狼 康开 惑泵
1465  ./data/map//1465_竞技场
1806  ./data/map//1806_租 房
40000  ./data/map//40000_特别船栈桥
35009  ./data/map//35009_研究管理室
11014  ./data/map//11014_国营第24坑道 地下2楼
21015  ./data/map//21015_忍者之家
15577  ./data/map//15577_小翠的家
3804  ./data/map//3804_民房
1811  ./data/map//1811_别室
1000  ./data/map//1001_昔日的法兰城
43771  ./data/map//43771_客房
33514  ./data/map//33514_贝德莉奴卡片屋
14022  ./data/map//14022_海贼的据点 地下2层
52001  ./data/map//52001_迷宫二层
1805  ./data/map//1805_租 房
46003  ./data/map//46003_仓库
30107  ./data/map//30107_命运小屋
51010  ./data/map//51010_黑之宫殿 地下4楼
52005  ./data/map//52005_魔女的住处
3355  ./data/map//3355_地之石碑
1191  ./data/map//1191_研究家真中的家
1174  ./data/map//1174_法兰彩票中心
15513  ./data/map//15513_医院
1472  ./data/map//1472_竞技场
59537  ./data/map//59537_精灵之下宫
59816  ./data/map//59816_雪拉威森之塔第16层
4431  ./data/map//4431_音乐室
20163  ./data/map//20163_六曜之塔 7层
59825  ./data/map//59825_雪拉威森之塔第25层
2113  ./data/map//2113_村长的家
59672  ./data/map//59672_尽头的风穴　3楼
4131  ./data/map//4131_诸神之墓
13017  ./data/map//13017_沙尘之洞 地下8层
1421  ./data/map//1421_升官图房间2
23094  ./data/map//23094_花妖守护地
33107  ./data/map//33107_客房
33281  ./data/map//33281_甲板
2002  ./data/map//2002_旧金山酒吧
24051  ./data/map//24051_诅咒的迷宫地下43层
37009  ./data/map//37009_海贼的牢狱
11003  ./data/map//11003_哈巴鲁东边洞窟 地下1楼
30340  ./data/map//30340_民宅
44698  ./data/map//44698_银行
59541  ./data/map//59541_武器工房
59642  ./data/map//59642_恩·凯的领域 技之回廊
2199  ./data/map//2199_维诺亚村传送之间
46019  ./data/map//46019_艾儿卡丝之家 地下1楼
13006  ./data/map//13006_流星山丘 250M
15511  ./data/map//15511_壁炉里面
34007  ./data/map//34007_奈何桥
59618  ./data/map//59618_威雷的领域 技之回廊
62000  ./data/map//62000_佩罗莉的房间
33501  ./data/map//33501_民房
20104  ./data/map//20104_六曜之塔 4层
50001  ./data/map//50001_克丽思之岛
11000  ./data/map//11000_维诺亚洞穴 地下1楼
23600  ./data/map//23600_入口
732  ./data/map//732_百人092层
1450  ./data/map//1450_竞技场
1535  ./data/map//1535_启程之间
16517  ./data/map//16517_海贼的洞窟 地下2层
20156  ./data/map//20156_六曜之塔 6层
45005  ./data/map//45005_仙人的家
1506  ./data/map//1506_食堂
48033  ./data/map//48033_BOSS场
23052  ./data/map//23052_秘密之地
32531  ./data/map//32531_贝力斯遗迹
24014  ./data/map//24014_诅咒的迷宫地下6层
30266  ./data/map//30266_村长的家
32017  ./data/map//32017_鬼打墙道路
33250  ./data/map//33250_街道旁的小路
59701  ./data/map//59701_冰室　3层
62063  ./data/map//62063_山顶的小屋
30201  ./data/map//30201_村长的家
15003  ./data/map//15003_索奇亚海底洞窟 地下2层
47013  ./data/map//47013_伊姆尔森林
59865  ./data/map//59865_矫扼傀家狼 啪 65摸
33296  ./data/map//33296_解答篇
59998  ./data/map//59998_试验用运动场 4
2313  ./data/map//2313_村长的家 2层
48007  ./data/map//48007_火山 地下9楼
59604  ./data/map//59604_阿陀罗的领域 技之回廊
30268  ./data/map//30268_克瑞村的传送点
33106  ./data/map//33106_客房
2213  ./data/map//2213_村长的家地下室
2112  ./data/map//2112_村长的家
15565  ./data/map//15565_风之洞窟 10层
24065  ./data/map//24065_诅咒的迷宫地下57层
1105  ./data/map//1105_客房
3803  ./data/map//3803_民房
24005  ./data/map//24005_斋戒
1479  ./data/map//1479_竞技场
46029  ./data/map//46029_大厅
45009  ./data/map//45009_修行场
21501  ./data/map//21501_仓库
15539  ./data/map//15539_黑色祭坛
40003  ./data/map//40003_往伊尔 栈桥
4146  ./data/map//4146_神殿
11017  ./data/map//11017_牛鬼的洞窟
1511  ./data/map//1511_遏见之间
41015  ./data/map//41015_德那杰斯号
20102  ./data/map//20102_六曜之塔 2层
33256  ./data/map//33256_食堂
24071  ./data/map//24071_诅咒的迷宫地下30层
47015  ./data/map//47015_尽头之间
41011  ./data/map//41011_德那杰斯号
16521  ./data/map//16521_海贼的巢穴
59650  ./data/map//59650_花萝的领域 技之回廊
47005  ./data/map//47005_雷姆尔山 1000M
429  ./data/map//429_百人019层
11026  ./data/map//11026_国营第24坑道 地下3层
963  ./data/map//963_马斯的内心世界
59570  ./data/map//59570_村长的家
33294  ./data/map//33294_解答篇
62055  ./data/map//62055_胜利之间
24046  ./data/map//24046_诅咒的迷宫地下38层
23088  ./data/map//23088_雷帝守护地
30103  ./data/map//30103_强克防具店
59874  ./data/map//59874_矫扼傀家狼 啪 74摸
33204  ./data/map//33204_防具店
59850  ./data/map//59850_雪拉威森塔 50层
59649  ./data/map//59649_花萝的领域 力之回廊
33279  ./data/map//33279_微薄的意识
738  ./data/map//738_百人098层
20121  ./data/map//20121_月之圣殿
32524  ./data/map//32524_立葛曲洞
13505  ./data/map//13505_鲶鱼大王的口
33277  ./data/map//33277_解答篇
24055  ./data/map//24055_诅咒的迷宫地下47层
33234  ./data/map//33234_再生花园
58001  ./data/map//58001_时之沙漏
44000  ./data/map//44000_火山 地下2楼
13501  ./data/map//13501_鲶鱼洞窟 地下2层
1186  ./data/map//1186_民家
701  ./data/map//701_百人061层
23105  ./data/map//23105_传诵门
59898  ./data/map//59898_矫扼傀家狼 啪 98摸
440  ./data/map//440_百人030层
1455  ./data/map//1455_竞技场
59848  ./data/map//59848_雪拉威森塔 48层
33240  ./data/map//33240_种子保管库
537  ./data/map//537_百人037层
51017  ./data/map//51017_黑之宫殿 最下层
5000  ./data/map//5000_艾泽拉斯
1454  ./data/map//1454_竞技场
2300  ./data/map//2300_圣拉鲁卡村
1158  ./data/map//1158_利贝亚的家
3801  ./data/map//3801_民房
1104  ./data/map//1104_客房
34023  ./data/map//34023_漆黑之穴
62034  ./data/map//62034_幻境森林高层
15584  ./data/map//15584_黑龙城 20层
27002  ./data/map//27002_曙光营地医院
11016  ./data/map//11016_洞窟
43752  ./data/map//43752_神殿 1楼
62068  ./data/map//62068_足球镇
14017  ./data/map//14017_海贼的港湾
43670  ./data/map//43670_民房
3299  ./data/map//3299_奇利村传送之间
15535  ./data/map//15535_黑暗之巢 联合本部
33265  ./data/map//33265_船的最底层
1542  ./data/map//1542_国民屋
33282  ./data/map//33282_福兰克林的房间
651  ./data/map//651_百人051层
21008  ./data/map//21008_豪宅 2层
51100  ./data/map//51100_宝座
20516  ./data/map//20516_冰雪的牢城 第3层
1402  ./data/map//1402_休息室
43500  ./data/map//43500_米诺基亚
1860  ./data/map//1860_公寓
4022  ./data/map//4022_客房
33261  ./data/map//33261_杀害现场
43775  ./data/map//43775_保管库入口
20157  ./data/map//20157_六曜之塔 6层
2000  ./data/map//2000_伊尔村
59840  ./data/map//59840_雪拉威森之塔第40层
23000  ./data/map//23000_帝都亚瑟芬 地下
1091  ./data/map//1091_职业介绍所
20525  ./data/map//20525_冰雪的牢城 第10层
46061  ./data/map//46061_始祖的墓地入口
20002  ./data/map//20002_时空之门
2201  ./data/map//2201_地下一楼
4020  ./data/map//4020_德特老爷爷的家
59859  ./data/map//59859_雪拉威森塔 59层
4210  ./data/map//4210_医院
48018  ./data/map//48018_贝尼恰斯火山
13014  ./data/map//13014_流星山丘 100M
541  ./data/map//541_百人041层
44693  ./data/map//44693_工房
1193  ./data/map//1193_豪宅
23607  ./data/map//23607_擂台
15562  ./data/map//15562_咨询之门
24023  ./data/map//24023_诅咒的迷宫地下15层
2221  ./data/map//2221_梅兹的家
16509  ./data/map//16509_黑色的祈祷
1801  ./data/map//1801_魔封
11007  ./data/map//11007_试炼之洞窟 第2层
59753  ./data/map//59753
15544  ./data/map//15544_水之试炼
32030  ./data/map//32030_储藏室
59562  ./data/map//59562_奈尔的家
50000  ./data/map//50000_诺斯非拉特
34005  ./data/map//34005_海神的祭坛
51007  ./data/map//51007_黑之宫殿 地下1楼
984  ./data/map//984_胜利之间
3212  ./data/map//3212_村长的家
41004  ./data/map//41004_客房 B
44711  ./data/map//44711_旧日之地
721  ./data/map//721_百人081层
59830  ./data/map//59830_雪拉威森之塔第30层
3300  ./data/map//3300_毁灭之村
62047  ./data/map//62047_胜利之间
4012  ./data/map//4012_村长的家
6500  ./data/map//6500_亚留特村
23087  ./data/map//23087_雷帝领域2层
4800  ./data/map//4800_民房
16514  ./data/map//16514_神殿
15524  ./data/map//15524_峡之洞窟
30263  ./data/map//30263_杂货店
20003  ./data/map//20003_时空之门
15600  ./data/map//15600_谜一般的房间
33203  ./data/map//33203_武器店
4145  ./data/map//4145_神殿
4456  ./data/map//4456_地底湖 地下1楼
43900  ./data/map//43900_麦尼小镇
41003  ./data/map//41003_客房 A
24025  ./data/map//24025_诅咒的迷宫地下17层
46034  ./data/map//46034_秘密房间
59681  ./data/map//59681_黑历史之石洞 3楼
411  ./data/map//411_百人9层
43215  ./data/map//43215_白之宫殿 2层
15550  ./data/map//15550_咨询之门
45014  ./data/map//45014_旅馆
47003  ./data/map//47003_头目的房间
33217  ./data/map//33217_小岛
62066  ./data/map//62066_时空之寺
59653  ./data/map//59653_威雷的领域 力之回廊
30017  ./data/map//30017_尤尼金堡
43770  ./data/map//43770_医疗室
32035  ./data/map//32035_达米达村 山谷下
2801  ./data/map//2801_民房
24031  ./data/map//24031_诅咒的迷宫地下23层
23078  ./data/map//23078_结界领域
33246  ./data/map//33246_山桃隐藏之家
47022  ./data/map//47022_灾祸之间
4423  ./data/map//4423_仓库内部
11001  ./data/map//11001_维诺亚洞穴 地下2楼
43190  ./data/map//43190_哥拉尔 海湾管理处
51013  ./data/map//51013_黑之宫殿 地下7楼
62032  ./data/map//62032_幻境森林低层
15564  ./data/map//15564_风之洞窟
30332  ./data/map//30332_村长的家
4420  ./data/map//4420_保健室
59673  ./data/map//59673_尽头的风穴　4楼
13021  ./data/map//13021_沙尘之洞 地下8层
43115  ./data/map//43115_魔法屋
35008  ./data/map//35008_研究管理室
46015  ./data/map//46015_伊利斯矿山 地下1层
2401  ./data/map//2401_杂货店
62062  ./data/map//62062_黄金之地下迷宫架空层
30308  ./data/map//30308_梅博的家
3100  ./data/map//3100_哈贝鲁村
59887  ./data/map//59887_矫扼傀家狼 啪 87摸
2806  ./data/map//2806_民房
539  ./data/map//539_百人039层
33273  ./data/map//33273_客房
59712  ./data/map//59712_花萝的领域 上宫
3001  ./data/map//3001_装备店
33254  ./data/map//33254_休息室
13012  ./data/map//13012_流星山丘
43981  ./data/map//43981_麦尼的洞窟
33293  ./data/map//33293_解答篇
43756  ./data/map//43756_圣女的部屋
21024  ./data/map//21024_过道
24044  ./data/map//24044_诅咒的迷宫地下36层
46059  ./data/map//46059_始祖的墓地入口
32060  ./data/map//32060_宝藏之间
35007  ./data/map//35007_动物实验室
15508  ./data/map//15508_叹息的森林
59824  ./data/map//59824_雪拉威森之塔第24层
32295  ./data/map//32295_圣拉鲁卡港湾管理处
62064  ./data/map//62064_时空之寺
43982  ./data/map//43982_麦尼的洞窟 最下层
33275  ./data/map//33275_客房
1182  ./data/map//1182_民家
44695  ./data/map//44695_神殿
59693  ./data/map//59693_秘道三楼
712  ./data/map//712_百人072层
24028  ./data/map//24028_诅咒的迷宫地下20层
15531  ./data/map//15531_地下水脉
62023  ./data/map//62023_谜之房间
33278  ./data/map//33278_解答篇
1304  ./data/map//1304_休息室
59906  ./data/map//59906_雪拉威森塔
33601  ./data/map//33601_遗迹 地下1楼
2808  ./data/map//2808_民房
59626  ./data/map//59626_恩·凯的领域 技之回廊
59745  ./data/map//59745_眉秋明 5楼
1463  ./data/map//1463_竞技场
1493  ./data/map//1493_休息室
23045  ./data/map//23045_？？？
43772  ./data/map//43772_客房
23611  ./data/map//23611_崩塌的底层空间
2111  ./data/map//2111_医院 2层
4412  ./data/map//4412_资料室
59854  ./data/map//59854_雪拉威森塔 54层
550  ./data/map//550_百人050层
59511  ./data/map//59511_々
59713  ./data/map//59713_恩·凯的领域 上宫
4211  ./data/map//4211_医院
62050  ./data/map//62050_胜利之间
52000  ./data/map//52000_迷宫一层
2412  ./data/map//2412_村长的家
33231  ./data/map//33231_无人的隐蔽房屋
43218  ./data/map//43218_宝物库
4331  ./data/map//4331_民房地下
59711  ./data/map//59711_威雷的领域 上宫
1480  ./data/map//1480_竞技场
24019  ./data/map//24019_诅咒的迷宫地下11层
59881  ./data/map//59881_矫扼傀家狼 啪 81摸
35006  ./data/map//35006_山吹之间
37004  ./data/map//37004_海贼头目的房间
15523  ./data/map//15523_山顶的小屋
59600  ./data/map//59600_阿陀罗的领域 玄关
20309  ./data/map//20309_风鸣之塔 9层
4803  ./data/map//4803_民房
3352  ./data/map//3352_冯奴的家
23609  ./data/map//23609_崩塌的空间
46042  ./data/map//46042_训练设施 第4层
59754  ./data/map//59754
15101  ./data/map//15101_矿山
24048  ./data/map//24048_诅咒的迷宫地下40层
24030  ./data/map//24030_诅咒的迷宫地下22层
4232  ./data/map//4232_蒂娜村传送之间
21012  ./data/map//21012_豪宅 2层
545  ./data/map//545_百人045层
13003  ./data/map//13003_流星山丘
7005  ./data/map//7005_地下牢房
32029  ./data/map//32029_地下密室
20110  ./data/map//20110_六曜之塔 10层
48022  ./data/map//48022_火山 6楼
739  ./data/map//739_百人099层
2421  ./data/map//2421_南希的家
5012  ./data/map//5012_香蒂的房间
427  ./data/map//427_百人017层
33229  ./data/map//33229_无人的隐蔽房屋
4422  ./data/map//4422_仓库内部
33244  ./data/map//33244_研究栋
888  ./data/map//888_地下监狱
412  ./data/map//412_百人10层
35000  ./data/map//35000_地下遗迹 入口
2226  ./data/map//2226_民家
32036  ./data/map//32036_酒窖
11039  ./data/map//11039_古代的树
5006  ./data/map//5006_希尔薇亚的家
24052  ./data/map//24052_诅咒的迷宫地下44层
655  ./data/map//655_百人055层
32040  ./data/map//32040_民宅
45008  ./data/map//45008_修行场
11040  ./data/map//11040_古代的树
62014  ./data/map//62014_神秘客房
47030  ./data/map//47030_过去的森林
15520  ./data/map//15520_阿鲁巴斯 研究所
33252  ./data/map//33252_汉克的房间
20159  ./data/map//20159_六曜之塔 7层
23608  ./data/map//23608_神秘小岛烫烫烫烫烫烫烫烫烫烫烫
20164  ./data/map//20164_六曜之塔 8层
59698  ./data/map//59698_崩塌的入口
14002  ./data/map//14002_莎莲娜西边洞窟
32521  ./data/map//32521_立葛曲洞
59720  ./data/map//59720_去脚捻飘啊狼 康开 惑泵
59866  ./data/map//59866_矫扼傀家狼 啪 66摸
59539  ./data/map//59539_医院
59807  ./data/map//59807_雪拉威森之塔第7层
59670  ./data/map//59670_尽头的风穴　1楼
30301  ./data/map//30301_医院
1513  ./data/map//1513_贵宾室
59634  ./data/map//59634_花萝的领域 技之回廊
3221  ./data/map//3221_老夫人的家
59721  ./data/map//59721_々々々
59736  ./data/map//59736_风昏神的领域 内宫
4408  ./data/map//4408_青龙的洞窟4层
1469  ./data/map//1469_竞技场
14039  ./data/map//14039_海贼的小道
5014  ./data/map//5014_香蒂的房间
46022  ./data/map//46022_客房
4300  ./data/map//4300_阿巴尼斯村
31285  ./data/map//31285_时空封印地
46056  ./data/map//46056_地底湖
2301  ./data/map//2301_装备店
1539  ./data/map//1539_宠物管理处
20112  ./data/map//20112_六曜之塔 10层
23072  ./data/map//23072_密林
59894  ./data/map//59894_矫扼傀家狼 啪 94摸
43211  ./data/map//43211_谒见之间
20158  ./data/map//20158_六曜之塔 7层
59707  ./data/map//59707_罪之房　3层
20005  ./data/map//20005_巴洛斯之门
15581  ./data/map//15581_北边下山的路
1171  ./data/map//1171_走廊
51018  ./data/map//51018_黑之宫殿 最下层
20515  ./data/map//20515_冰雪的牢城 第2层
34021  ./data/map//34021_漆黑之穴
27005  ./data/map//27005_辛西亚探索指挥部
46043  ./data/map//46043_训练设施 第5层
23106  ./data/map//23106_？？？
15516  ./data/map//15516_村长的家
43000  ./data/map//43000_库鲁克斯
20168  ./data/map//20168_六曜之塔 9层
4222  ./data/map//4222_PUB 地下
62020  ./data/map//62020_谜之房间
46028  ./data/map//46028_瓦吉的公馆 休息室
4011  ./data/map//4011_医院 2层
109  ./data/map//109_露水之镇
24034  ./data/map//24034_诅咒的迷宫地下26层
2431  ./data/map//2431_俱乐部
11011  ./data/map//11011_试炼之洞窟 大厅
59821  ./data/map//59821_雪拉威森之塔第21层
59737  ./data/map//59737_四昏神的领域 内宫
24056  ./data/map//24056_诅咒的迷宫地下48层
733  ./data/map//733_百人093层
23067  ./data/map//23067_熔岩洞窟7楼
35003  ./data/map//35003_太古之研究所 入口
59837  ./data/map//59837_雪拉威森之塔第37层
1496  ./data/map//1496_休息室
1021  ./data/map//1021_尼莫克防具店
59545  ./data/map//59545_[花儿开]酒吧
5002  ./data/map//5002_大地鼠婆婆的家
1403  ./data/map//1403_治愈广场
21050  ./data/map//21050_忍者的隐居地
729  ./data/map//729_百人089层
15555  ./data/map//15555_咨询之门
59882  ./data/map//59882_矫扼傀家狼 啪 82摸
30312  ./data/map//30312_村长家的后院
1022  ./data/map//1022_哈利防具店
48004  ./data/map//48004_火山 地下6楼
30131  ./data/map//30131_克里特大教堂
44691  ./data/map//44691_酒吧
48019  ./data/map//48019_火山 4楼
33259  ./data/map//33259_食堂
1520  ./data/map//1520_里谢里雅堡 1层
33270  ./data/map//33270_客房
23097  ./data/map//23097_斯巴卡领域1层
34010  ./data/map//34010_大树 3层
15590  ./data/map//15590_黑龙城 20层
62045  ./data/map//62045_树精的根据地
905  ./data/map//905_法老王墓室
46049  ./data/map//46049_阿鲁巴斯的研究室
59521  ./data/map//59521_艾夏岛
33236  ./data/map//33236_再生花园
1802  ./data/map//1802_气功
46050  ./data/map//46050_秘密房间
59904  ./data/map//59904_矫扼傀家狼 啪 80摸
11500  ./data/map//11500_国营第24坑道 地下3层
1154  ./data/map//1154_冒险者旅店
20119  ./data/map//20119_六曜之塔 10层
4409  ./data/map//4409_青龙的巢穴
20306  ./data/map//20306_风鸣之塔 6层
59605  ./data/map//59605_阿陀罗的领域 技之回廊
32275  ./data/map//32275_青恋号
30117  ./data/map//30117_泰伯伦公会总部
15580  ./data/map//15580_古老的巢穴
30013  ./data/map//30013_摩顿村
15006  ./data/map//15006_莎莲娜海底洞窟 地下2层
1451  ./data/map//1451_竞技场
4432  ./data/map//4432_音乐室
1537  ./data/map//1537_启程之间
32801  ./data/map//32801_未知洞底层
30311  ./data/map//30311_村长的家
24062  ./data/map//24062_诅咒的迷宫地下54层
1459  ./data/map//1459_竞技场
41017  ./data/map//41017_波雷波雷号客房
43219  ./data/map//43219_启程之间
43742  ./data/map//43742_民房
3013  ./data/map//3013_村长的家
725  ./data/map//725_百人085层
43210  ./data/map//43210_白之宫殿
990  ./data/map//990_胜利之间
33211  ./data/map//33211_冒险者旅馆 2楼
24049  ./data/map//24049_诅咒的迷宫地下41层
1164  ./data/map//1164_冒险者旅馆 2层
11015  ./data/map//11015_灵堂
24020  ./data/map//24020_诅咒的迷宫地下12层
15552  ./data/map//15552_入口
43676  ./data/map//43676_长老的家
43217  ./data/map//43217_牢房
62051  ./data/map//62051_胜利之间
46010  ./data/map//46010_哥拉尔城
21020  ./data/map//21020_忍者之家 3层
1452  ./data/map//1452_竞技场
1111  ./data/map//1111_城西医院
23084  ./data/map//23084_炎神领域2层
33609  ./data/map//33609_遗迹 最下层
34014  ./data/map//34014_海峡通道
24037  ./data/map//24037_诅咒的迷宫地下29层
33258  ./data/map//33258_食堂
46062  ./data/map//46062_
59900  ./data/map//59900_矫扼傀家狼 啪 弥惑摸
43130  ./data/map//43130_威尔迪酒吧
3806  ./data/map//3806_民房
24045  ./data/map//24045_诅咒的迷宫地下37层
59804  ./data/map//59804_雪拉威森之塔第4层
41025  ./data/map//41025_客房
20166  ./data/map//20166_六曜之塔 9层
43722  ./data/map//43722_单间
13508  ./data/map//13508_大鲶鱼王的胃袋
48025  ./data/map//48025_归途
1502  ./data/map//1502_厨房
33280  ./data/map//33280_按角 烹肺
32031  ./data/map//32031_画室
23096  ./data/map//23096_罪之渊
24053  ./data/map//24053_诅咒的迷宫地下45层
30272  ./data/map//30272_酒吧客房
59822  ./data/map//59822_雪拉威森之塔第22层
14021  ./data/map//14021_海贼的据点 地下3层
2320  ./data/map//2320_民房
59100  ./data/map//59100_船長室
24013  ./data/map//24013_诅咒的迷宫地下5层
4399  ./data/map//4399_阿巴尼斯村传送之间
62024  ./data/map//62024_魔法大学
43173  ./data/map//43173_民房
717  ./data/map//717_百人077层
15536  ./data/map//15536_岩壁的洞穴
59743  ./data/map//59743_眉秋明 3楼
722  ./data/map//722_百人082层
62027  ./data/map//62027_东边矿洞顶层
33110  ./data/map//33110_阿凯鲁法城地下
43165  ./data/map//43165_杂货店
4403  ./data/map//4403_青龙的洞窟1层
1071  ./data/map//1071_弥克尔工房
62001  ./data/map//62001_佩罗莉的房间
2400  ./data/map//2400_亚特留村
30258  ./data/map//30258_走私船上
43980  ./data/map//43980_麦尼的洞窟
43754  ./data/map//43754_神殿 2楼
27013  ./data/map//27013_曙光营地酒吧
20154  ./data/map//20154_六曜之塔 5层
3210  ./data/map//3210_医院
1166  ./data/map//1166_冒险者旅馆 3层
300  ./data/map//300_索奇亚
14025  ./data/map//14025_海贼的据点
4200  ./data/map//4200_蒂娜村
59702  ./data/map//59702_冰室　1层
421  ./data/map//421_百人011层
14038  ./data/map//14038_海贼的据点
62042  ./data/map//62042_深海底层
43620  ./data/map//43620_杂货店
654  ./data/map//654_百人054层
23071  ./data/map//23071_丛林
59603  ./data/map//59603_阿陀罗的领域 力之回廊
43135  ./data/map//43135_威尔迪酒吧
4406  ./data/map//4406_青龙的洞窟2层
59622  ./data/map//59622_恩·凯的领域 前厅
4322  ./data/map//4322_客房
21022  ./data/map//21022_忍者之家 地下1层
3012  ./data/map//3012_村长的家
59659  ./data/map//59659_恩·凯的领域 技之回廊
60116  ./data/map//60116_守护之界
33620  ./data/map//33620_ミネガル遺跡 地下8层
59868  ./data/map//59868_矫扼傀家狼 啪 68摸
13020  ./data/map//13020_沙尘之洞 地下7层
2432  ./data/map//2432_地下通路
24067  ./data/map//24067_诅咒的迷宫地下59层
62060  ./data/map//62060_技能学习屋
32016  ./data/map//32016_难民村
426  ./data/map//426_百人016层
32283  ./data/map//32283_港湾管理处
47020  ./data/map//47020_惩戒之间
59633  ./data/map//59633_花萝的领域 力之回廊
906  ./data/map//906_法老王宝库
60118  ./data/map//60118_幽灵地界
59640  ./data/map//59640_恩·凯的领域 力之回廊
47009  ./data/map//47009_伊姆尔森林 入口
59679  ./data/map//59679_黑历史之石洞 1楼
51102  ./data/map//51102_宝座
30118  ./data/map//30118_洛马诺公会总部
51103  ./data/map//51103_宝座
43214  ./data/map//43214_客房
41023  ./data/map//41023_铁达泥号
4418  ./data/map//4418_礼堂
2399  ./data/map//2399_圣拉鲁卡村传送石
4321  ./data/map//4321_客房
43510  ./data/map//43510_医院
24069  ./data/map//24069_诅咒的迷宫地下10层
1202  ./data/map//1202_大圣堂
11036  ./data/map//11036_土之洞窟 第3层
15530  ./data/map//15530_峡之洞窟
4010  ./data/map//4010_医院
43145  ./data/map//43145_宠物店
43750  ./data/map//43750_神殿 玄关
47026  ./data/map//47026_旅馆
30204  ./data/map//30204_尼维尔诊所
59714  ./data/map//59714_々々々
59564  ./data/map//59564_路路耶的家
33291  ./data/map//33291_民房
20521  ./data/map//20521_冰雪的牢城 第12层
32026  ./data/map//32026_月光花园
59820  ./data/map//59820_雪拉威森之塔第20层
1457  ./data/map//1457_竞技预赛会场
15521  ./data/map//15521_霞之洞窟 最底层
59853  ./data/map//59853_雪拉威森塔 53层0
47014  ./data/map//47014_伊姆尔森林
62002  ./data/map//62002_井底
33219  ./data/map//33219_伊尔
59858  ./data/map//59858_雪拉威森塔 58层
2100  ./data/map//2100_维诺亚村
33200  ./data/map//33200_阿凯鲁法村
59729  ./data/map//59729_水之昏神的领域
15009  ./data/map//15009_咒术师的据点
33255  ./data/map//33255_食堂
24058  ./data/map//24058_诅咒的迷宫地下50层
59602  ./data/map//59602_阿陀罗的领域 力之回廊
47027  ./data/map//47027_旅馆
43823  ./data/map//43823_深海 第4层
59846  ./data/map//59846_雪拉威森塔 46层
1458  ./data/map//1458_竞技场
46047  ./data/map//46047_培养室
1804  ./data/map//1804_租 房
14013  ./data/map//14013_参拜之道
11031  ./data/map//11031_古代树树
30124  ./data/map//30124_马克多的家
30313  ./data/map//30313_摩顿村的传送点
27004  ./data/map//27004_辛西亚探索指挥部
59560  ./data/map//59560_路路耶的家
59544  ./data/map//59544_流行商店
46011  ./data/map//46011_牢房尔城 矫肺摹窍锄
43700  ./data/map//43700_雷克塔
59572  ./data/map//59572_公寓
1407  ./data/map//1407_第二名的房间
31288  ./data/map//31288_地底小村
11501  ./data/map//11501_国营第24坑道 地下4层
24010  ./data/map//24010_诅咒的迷宫地下2层
4421  ./data/map//4421_合格之房
51009  ./data/map//51009_黑之宫殿 地下3楼
542  ./data/map//542_百人042层
43187  ./data/map//43187_民房
13506  ./data/map//13506_鲶鱼大王的食道
33115  ./data/map//33115_阿凯鲁法城地下
41021  ./data/map//41021_客房
14024  ./data/map//14024_海贼的据点
51000  ./data/map//51000_黑之宫殿 入口
45006  ./data/map//45006_仙人的家
33286  ./data/map//33286_民房
33222  ./data/map//33222_剧场
3021  ./data/map//3021_魔术师的家
59819  ./data/map//59819_雪拉威森之塔第19层
1467  ./data/map//1467_竞技场
59997  ./data/map//59997_试验用运动场 3
735  ./data/map//735_百人095层
1081  ./data/map//1081_房屋仲介所
43811  ./data/map//43811_岬之神殿 地下1层
47001  ./data/map//47001_头目的房间前
2256  ./data/map//2256_民家
59803  ./data/map//59803_雪拉威森之塔第3层
34000  ./data/map//34000_南恰拉山 第一通道
1194  ./data/map//1194_豪宅
707  ./data/map//707_百人067层
59855  ./data/map//59855_雪拉威森塔 55层
3202  ./data/map//3202_地下一楼
32022  ./data/map//32022_豪宅地下室
59718  ./data/map//59718_鸥捞 能抛 肺啊
1476  ./data/map//1476_竞技场
33207  ./data/map//33207_冒险者旅馆 1楼
20103  ./data/map//20103_六曜之塔 3层
47016  ./data/map//47016_边际之间
33502  ./data/map//33502_民房
59827  ./data/map//59827_雪拉威森之塔第27层
43774  ./data/map//43774_保管库
4402  ./data/map//4402_地下实验室
5008  ./data/map//5008_香蒂的房间
27101  ./data/map//27101_辛希亚探索指挥部
43174  ./data/map//43174_生物学家的家
33247  ./data/map//33247_山桃隐藏之家
23082  ./data/map//23082_水君守护地
405  ./data/map//405_百人3层
43180  ./data/map//43180_民房
24027  ./data/map//24027_诅咒的迷宫地下19层
15543  ./data/map//15543_水之洞窟中层
59550  ./data/map//59550_天鹅宠物店
33214  ./data/map//33214_港湾管理处
59869  ./data/map//59869_矫扼傀家狼 啪 69摸
904  ./data/map//904_法老王墓室
33276  ./data/map//33276_客房
30271  ./data/map//30271_酒吧走廊
15506  ./data/map//15506_研究所的小房间
14007  ./data/map//14007_莎莲娜东边洞窟 地下5层
43721  ./data/map//43721_客房
59862  ./data/map//59862_雪拉威森塔 63层
59716  ./data/map//59716_々々々
425  ./data/map//425_百人015层
33201  ./data/map//33201_马查酒吧
43976  ./data/map//43976_民家
59780  ./data/map//59780
983  ./data/map//983_胜利之间
59823  ./data/map//59823_雪拉威森之塔第23层
15553  ./data/map//15553_咨询之门
11502  ./data/map//11502_国营第24坑道 地下4层
11013  ./data/map//11013_国营第24坑道 地下1楼
4099  ./data/map//4099_杰诺瓦镇传送之间
32041  ./data/map//32041_达迷达酒吧
59616  ./data/map//59616_威雷的领域 力之回廊
15557  ./data/map//15557_咨询之门
43970  ./data/map//43970_民家
59623  ./data/map//59623_恩·凯的领域 力之回廊
3214  ./data/map//3214_村长的家
24057  ./data/map//24057_诅咒的迷宫地下49层
11025  ./data/map//11025_国营第24坑道 地下3层
14004  ./data/map//14004_莎莲娜东边洞窟 地下2层
23101  ./data/map//23101_？？？
24035  ./data/map//24035_诅咒的迷宫地下27层
23099  ./data/map//23099_斯巴卡领域3层
33225  ./data/map//33225_无人洞穴
32045  ./data/map//32045_客房下的裂缝
23066  ./data/map//23066_熔岩洞窟6楼
33101  ./data/map//33101_阿凯鲁法城
20106  ./data/map//20106_六曜之塔 6层
21502  ./data/map//21502_地下小房间
1180  ./data/map//1180_宠物店
20151  ./data/map//20151_六曜之塔 1层
2260  ./data/map//2260_民家
59647  ./data/map//59647_阿陀罗的领域 技之回廊
1460  ./data/map//1460_竞技场
33600  ./data/map//33600_遗迹 1楼
34020  ./data/map//34020_漆黑之穴
24038  ./data/map//24038_诅咒的迷宫地下30层
24043  ./data/map//24043_诅咒的迷宫地下35层
437  ./data/map//437_百人027层
59629  ./data/map//59629_阿陀罗的领域 力之回廊
46033  ./data/map//46033_秘密房间
46002  ./data/map//46002_仓库
16520  ./data/map//16520_海贼的巢穴 地下11层
51005  ./data/map//51005_黑之宫殿
59835  ./data/map//59835_雪拉威森之塔第35层
46006  ./data/map//46006_地下竞技场
30115  ./data/map//30115_义勇军指挥总部
30108  ./data/map//30108_格利工作坊
3301  ./data/map//3301_连接时空的房间
46035  ./data/map//46035_秘密房间0
4416  ./data/map//4416_教师室
62030  ./data/map//62030_幻境森林顶层
2224  ./data/map//2224_民家
59534  ./data/map//59534_神殿 前廊
23069  ./data/map//23069_布朗山 1000M
59662  ./data/map//59662_家族房间0
59563  ./data/map//59563_哈丝塔的家
16508  ./data/map//16508_黑色的祈祷
32830  ./data/map//32830_小房间
30105  ./data/map//30105_中央医院
33216  ./data/map//33216_小岛
706  ./data/map//706_百人066层
13513  ./data/map//13513_大鲶鱼王的大肠
24054  ./data/map//24054_诅咒的迷宫地下46层
20502  ./data/map//20502_冰雪的牢城 第2层
33221  ./data/map//33221_地下竞技场
59878  ./data/map//59878_矫扼傀家狼 啪 78摸
402  ./data/map//402_莎莲娜
24036  ./data/map//24036_诅咒的迷宫地下28层
433  ./data/map//433_百人023层
4313  ./data/map//4313_村长的家
59742  ./data/map//59742_眉秋明 2楼
59627  ./data/map//59627_恩·凯的领域 上宫
14012  ./data/map//14012_参拜之道
11006  ./data/map//11006_试炼之洞窟 第1层
33283  ./data/map//33283_民房
1172  ./data/map//1172_客房
1870  ./data/map//1870_公寓
222  ./data/map//222_角氰
401  ./data/map//401_佛利波罗岛
2252  ./data/map//2252_民家
1159  ./data/map//1159_里玲香料店
32522  ./data/map//32522_立葛曲洞
33100  ./data/map//33100_阿凯鲁法城
59624  ./data/map//59624_恩·凯的领域 力之回廊
23075  ./data/map//23075_石尼亚
32054  ./data/map//32054_热带密林
33603  ./data/map//33603_遗迹 地下3楼
1405  ./data/map//1405_竞技场迷宫
1160  ./data/map//1160_魔女的家
59893  ./data/map//59893_矫扼傀家狼 啪 93摸
59655  ./data/map//59655_威雷的领域 技之回廊
24072  ./data/map//24072_诅咒的迷宫地下40层
59637  ./data/map//59637_威雷的领域 力之回廊
33517  ./data/map//33517_港湾管理处
30303  ./data/map//30303_装备商店
430  ./data/map//430_百人020层
30262  ./data/map//30262_医院
3351  ./data/map//3351_冯奴的家
13022  ./data/map//13022_沙尘之洞 地下6层
32025  ./data/map//32025_阁楼
37003  ./data/map//37003_海贼的牢狱 入口
51002  ./data/map//51002_黑之宫殿
3805  ./data/map//3805_民房
43175  ./data/map//43175_旅馆
59556  ./data/map//59556_公寓
33606  ./data/map//33606_遗迹 地下6楼
15574  ./data/map//15574_走失的龙的巢 最底层
59857  ./data/map//59857_雪拉威森塔 57层
24001  ./data/map//24001_洗礼的试炼
24064  ./data/map//24064_诅咒的迷宫地下56层
59847  ./data/map//59847_雪拉威森塔 47层
62067  ./data/map//62067_黄金迷宫挑战区
1507  ./data/map//1507_客房
49001  ./data/map//49001_贝尼恰斯火山 山顶
41018  ./data/map//41018_客房
4330  ./data/map//4330_民房
20308  ./data/map//20308_风鸣之塔 8层
715  ./data/map//715_百人075层
51008  ./data/map//51008_黑之宫殿 地下2楼
700  ./data/map//700_百人道场前厅
14037  ./data/map//14037_海贼的据点
43540  ./data/map//43540_村长的家
30102  ./data/map//30102_银行
46037  ./data/map//46037_秘密房间0
43125  ./data/map//43125_银行
989  ./data/map//989_胜利之间
46012  ./data/map//46012_里雍房间
2220  ./data/map//2220_民房
43191  ./data/map//43191_卡希菈的豪宅
1189  ./data/map//1189_美容中心
59886  ./data/map//59886_矫扼傀家狼 啪 86摸
4312  ./data/map//4312_村长的家
30116  ./data/map//30116_崔迪斯公会总部
20155  ./data/map//20155_六曜之塔 5层
11018  ./data/map//11018_牛鬼的洞窟
59654  ./data/map//59654_威雷的领域 技之回廊
45010  ./data/map//45010_修行场
59675  ./data/map//59675_尽头的风穴　5楼
48017  ./data/map//48017_火山 3楼
731  ./data/map//731_百人091层
15519  ./data/map//15519_阿鲁巴斯 研究所
2215  ./data/map//2215_村长的家地下室
47032  ./data/map//47032_过去的森林
36002  ./data/map//36002_布朗山顶
43975  ./data/map//43975_民家
33285  ./data/map//33285_民房
652  ./data/map//652_百人052层
719  ./data/map//719_百人079层
59610  ./data/map//59610_花萝的领域 力之回廊
41009  ./data/map//41009_德那杰斯号
2309  ./data/map//2309_赛谢利亚酒吧
43630  ./data/map//43630_酒场
32038  ./data/map//32038_史莱姆的回忆
20101  ./data/map//20101_六曜之塔 1层
43650  ./data/map//43650_瞭望台
59842  ./data/map//59842_雪拉威森塔 42层
30206  ./data/map//30206_酒吧
62031  ./data/map//62031_幻境森林顶层
59648  ./data/map//59648_花萝的领域 力之回廊
62059  ./data/map//62059_GM休息室
59861  ./data/map//59861_雪拉威森塔 62层
62039  ./data/map//62039_龙神之所
46023  ./data/map//46023_客房
1  ./data/material_map//1
2  ./data/material_map//2
1  store/dungeon//1_45
1  store/dungeon//1_1
1  store/dungeon//1_41
1  store/dungeon//1_1045
1  store/dungeon//1_978
1  store/dungeon//1_112
1  store/dungeon//1_127
1  store/dungeon//1_235
1  store/dungeon//1_188
1  store/dungeon//1_817
1  store/dungeon//1_911
1  store/dungeon//1_379
1  store/dungeon//1_180
1  store/dungeon//1_436
1  store/dungeon//1_85
1  store/dungeon//1_612
1  store/dungeon//1_197
1  store/dungeon//1_469
1  store/dungeon//1_1606
1  store/dungeon//1_159
1  store/dungeon//1_1357
1  store/dungeon//1_1220
1  store/dungeon//1_1081
1  store/dungeon//1_1393
1  store/dungeon//1_1276
1  store/dungeon//1_1226
1  store/dungeon//1_982
1  store/dungeon//1_1451
1  store/dungeon//1_446
1  store/dungeon//1_380
1  store/dungeon//1_893
1  store/dungeon//1_1476
1  store/dungeon//1_293
1  store/dungeon//1_74
1  store/dungeon//1_1209
1  store/dungeon//1_455
1  store/dungeon//1_320
1  store/dungeon//1_1384
1  store/dungeon//1_1499
1  store/dungeon//1_1167
1  store/dungeon//1_810
1  store/dungeon//1_754
1  store/dungeon//1_1406
1  store/dungeon//1_1027
1  store/dungeon//1_1251
1  store/dungeon//1_751
1  store/dungeon//1_62
1  store/dungeon//1_1493
1  store/dungeon//1_1040
1  store/dungeon//1_703
1  store/dungeon//1_1305
1  store/dungeon//1_539
1  store/dungeon//1_1431
1  store/dungeon//1_1076
1  store/dungeon//1_1401
1  store/dungeon//1_592
1  store/dungeon//1_807
1  store/dungeon//1_858
1  store/dungeon//1_613
1  store/dungeon//1_1106
1  store/dungeon//1_1506
1  store/dungeon//1_884
1  store/dungeon//1_1198
1  store/dungeon//1_1464
1  store/dungeon//1_1631
1  store/dungeon//1_221
1  store/dungeon//1_1407
1  store/dungeon//1_979
1  store/dungeon//1_856
1  store/dungeon//1_54
1  store/dungeon//1_440
1  store/dungeon//1_361
1  store/dungeon//1_645
1  store/dungeon//1_191
1  store/dungeon//1_86
1  store/dungeon//1_350
1  store/dungeon//1_88
1  store/dungeon//1_1019
1  store/dungeon//1_836
1  store/dungeon//1_189
1  store/dungeon//1_919
1  store/dungeon//1_356
1  store/dungeon//1_56
1  store/dungeon//1_743
1  store/dungeon//1_1213
1  store/dungeon//1_511
1  store/dungeon//1_866
1  store/dungeon//1_782
1  store/dungeon//1_680
1  store/dungeon//1_1168
1  store/dungeon//1_373
1  store/dungeon//1_1456
1  store/dungeon//1_1315
1  store/dungeon//1_383
1  store/dungeon//1_691
1  store/dungeon//1_676
1  store/dungeon//1_1265
1  store/dungeon//1_145
1  store/dungeon//1_593
1  store/dungeon//1_352
1  store/dungeon//1_1257
1  store/dungeon//1_1353
1  store/dungeon//1_452
1  store/dungeon//1_1166
1  store/dungeon//1_1187
1  store/dungeon//1_547
1  store/dungeon//1_1477
1  store/dungeon//1_264
1  store/dungeon//1_726
1  store/dungeon//1_401
1  store/dungeon//1_1310
1  store/dungeon//1_525
1  store/dungeon//1_846
1  store/dungeon//1_806
1  store/dungeon//1_1014
1  store/dungeon//1_50
1  store/dungeon//1_186
1  store/dungeon//1_1420
1  store/dungeon//1_588
1  store/dungeon//1_1162
1  store/dungeon//1_1304
1  store/dungeon//1_631
1  store/dungeon//1_397
1  store/dungeon//1_1190
1  store/dungeon//1_897
1  store/dungeon//1_51
1  store/dungeon//1_727
1  store/dungeon//1_390
1  store/dungeon//1_556
1  store/dungeon//1_1408
1  store/dungeon//1_587
1  store/dungeon//1_1457
1  store/dungeon//1_232
1  store/dungeon//1_666
1  store/dungeon//1_451
1  store/dungeon//1_465
1  store/dungeon//1_611
1  store/dungeon//1_143
1  store/dungeon//1_991
1  store/dungeon//1_671
1  store/dungeon//1_909
1  store/dungeon//1_1520
1  store/dungeon//1_914
1  store/dungeon//1_544
1  store/dungeon//1_961
1  store/dungeon//1_77
1  store/dungeon//1_784
1  store/dungeon//1_918
1  store/dungeon//1_1361
1  store/dungeon//1_1085
1  store/dungeon//1_977
1  store/dungeon//1_849
1  store/dungeon//1_941
1  store/dungeon//1_225
1  store/dungeon//1_540
1  store/dungeon//1_1386
1  store/dungeon//1_692
1  store/dungeon//1_1171
1  store/dungeon//1_800
1  store/dungeon//1_762
1  store/dungeon//1_99
1  store/dungeon//1_1136
1  store/dungeon//1_1557
1  store/dungeon//1_95
1  store/dungeon//1_563
1  store/dungeon//1_554
1  store/dungeon//1_340
1  store/dungeon//1_1017
1  store/dungeon//1_839
1  store/dungeon//1_867
1  store/dungeon//1_120
1  store/dungeon//1_1467
1  store/dungeon//1_1526
1  store/dungeon//1_998
1  store/dungeon//1_470
1  store/dungeon//1_476
1  store/dungeon//1_482
1  store/dungeon//1_646
1  store/dungeon//1_885
1  store/dungeon//1_1522
1  store/dungeon//1_1031
1  store/dungeon//1_618
1  store/dungeon//1_552
1  store/dungeon//1_1188
1  store/dungeon//1_624
1  store/dungeon//1_1345
1  store/dungeon//1_23
1  store/dungeon//1_801
1  store/dungeon//1_1176
1  store/dungeon//1_1203
1  store/dungeon//1_44
1  store/dungeon//1_516
1  store/dungeon//1_281
1  store/dungeon//1_433
1  store/dungeon//1_558
1  store/dungeon//1_301
1  store/dungeon//1_230
1  store/dungeon//1_1230
1  store/dungeon//1_432
1  store/dungeon//1_3
1  store/dungeon//1_133
1  store/dungeon//1_1191
1  store/dungeon//1_564
1  store/dungeon//1_1622
1  store/dungeon//1_1021
1  store/dungeon//1_426
1  store/dungeon//1_1317
1  store/dungeon//1_956
1  store/dungeon//1_195
1  store/dungeon//1_1432
1  store/dungeon//1_1224
1  store/dungeon//1_1388
1  store/dungeon//1_947
1  store/dungeon//1_989
1  store/dungeon//1_500
1  store/dungeon//1_335
1  store/dungeon//1_122
1  store/dungeon//1_720
1  store/dungeon//1_129
1  store/dungeon//1_1270
1  store/dungeon//1_175
1  store/dungeon//1_1010
1  store/dungeon//1_948
1  store/dungeon//1_1597
1  store/dungeon//1_619
1  store/dungeon//1_1418
1  store/dungeon//1_625
1  store/dungeon//1_1422
1  store/dungeon//1_248
1  store/dungeon//1_76
1  store/dungeon//1_1438
1  store/dungeon//1_80
1  store/dungeon//1_903
1  store/dungeon//1_896
1  store/dungeon//1_1604
1  store/dungeon//1_1233
1  store/dungeon//1_1510
1  store/dungeon//1_749
1  store/dungeon//1_1082
1  store/dungeon//1_1480
1  store/dungeon//1_280
1  store/dungeon//1_161
1  store/dungeon//1_84
1  store/dungeon//1_424
1  store/dungeon//1_462
1  store/dungeon//1_1219
1  store/dungeon//1_975
1  store/dungeon//1_1318
1  store/dungeon//1_601
1  store/dungeon//1_799
1  store/dungeon//1_1232
1  store/dungeon//1_1007
1  store/dungeon//1_933
1  store/dungeon//1_1080
1  store/dungeon//1_57
1  store/dungeon//1_1123
1  store/dungeon//1_747
1  store/dungeon//1_1071
1  store/dungeon//1_192
1  store/dungeon//1_1449
1  store/dungeon//1_570
1  store/dungeon//1_850
1  store/dungeon//1_826
1  store/dungeon//1_1543
1  store/dungeon//1_72
1  store/dungeon//1_837
1  store/dungeon//1_1049
1  store/dungeon//1_1068
1  store/dungeon//1_142
1  store/dungeon//1_488
1  store/dungeon//1_238
1  store/dungeon//1_137
1  store/dungeon//1_1573
1  store/dungeon//1_46
1  store/dungeon//1_5
1  store/dungeon//1_1258
1  store/dungeon//1_1479
1  store/dungeon//1_925
1  store/dungeon//1_536
1  store/dungeon//1_710
1  store/dungeon//1_491
1  store/dungeon//1_325
1  store/dungeon//1_610
1  store/dungeon//1_1139
1  store/dungeon//1_217
1  store/dungeon//1_803
1  store/dungeon//1_620
1  store/dungeon//1_789
1  store/dungeon//1_341
1  store/dungeon//1_1529
1  store/dungeon//1_678
1  store/dungeon//1_1060
1  store/dungeon//1_53
1  store/dungeon//1_425
1  store/dungeon//1_1184
1  store/dungeon//1_82
1  store/dungeon//1_25
1  store/dungeon//1_1383
1  store/dungeon//1_1400
1  store/dungeon//1_66
1  store/dungeon//1_583
1  store/dungeon//1_660
1  store/dungeon//1_1148
1  store/dungeon//1_381
1  store/dungeon//1_572
1  store/dungeon//1_501
1  store/dungeon//1_904
1  store/dungeon//1_330
1  store/dungeon//1_818
1  store/dungeon//1_1391
1  store/dungeon//1_765
1  store/dungeon//1_604
1  store/dungeon//1_1286
1  store/dungeon//1_394
1  store/dungeon//1_734
1  store/dungeon//1_1430
1  store/dungeon//1_1542
1  store/dungeon//1_443
1  store/dungeon//1_1394
1  store/dungeon//1_758
1  store/dungeon//1_907
1  store/dungeon//1_1086
1  store/dungeon//1_785
1  store/dungeon//1_659
1  store/dungeon//1_1101
1  store/dungeon//1_1372
1  store/dungeon//1_168
1  store/dungeon//1_543
1  store/dungeon//1_263
1  store/dungeon//1_1375
1  store/dungeon//1_1617
1  store/dungeon//1_1024
1  store/dungeon//1_1074
1  store/dungeon//1_1350
1  store/dungeon//1_408
1  store/dungeon//1_922
1  store/dungeon//1_562
1  store/dungeon//1_1079
1  store/dungeon//1_507
1  store/dungeon//1_201
1  store/dungeon//1_110
1  store/dungeon//1_254
1  store/dungeon//1_930
1  store/dungeon//1_1216
1  store/dungeon//1_988
1  store/dungeon//1_1471
1  store/dungeon//1_419
1  store/dungeon//1_674
1  store/dungeon//1_1239
1  store/dungeon//1_1185
1  store/dungeon//1_690
1  store/dungeon//1_1175
1  store/dungeon//1_1095
1  store/dungeon//1_512
1  store/dungeon//1_104
1  store/dungeon//1_873
1  store/dungeon//1_643
1  store/dungeon//1_529
1  store/dungeon//1_1048
1  store/dungeon//1_1508
1  store/dungeon//1_1271
1  store/dungeon//1_1421
1  store/dungeon//1_921
1  store/dungeon//1_207
1  store/dungeon//1_752
1  store/dungeon//1_571
1  store/dungeon//1_49
1  store/dungeon//1_1489
1  store/dungeon//1_1416
1  store/dungeon//1_560
1  store/dungeon//1_388
1  store/dungeon//1_123
1  store/dungeon//1_467
1  store/dungeon//1_1616
1  store/dungeon//1_1517
1  store/dungeon//1_1487
1  store/dungeon//1_504
1  store/dungeon//1_1632
1  store/dungeon//1_1034
1  store/dungeon//1_1261
1  store/dungeon//1_1295
1  store/dungeon//1_639
1  store/dungeon//1_1592
1  store/dungeon//1_157
1  store/dungeon//1_233
1  store/dungeon//1_393
1  store/dungeon//1_1338
1  store/dungeon//1_1328
1  store/dungeon//1_337
1  store/dungeon//1_1104
1  store/dungeon//1_1146
1  store/dungeon//1_346
1  store/dungeon//1_199
1  store/dungeon//1_1605
1  store/dungeon//1_355
1  store/dungeon//1_1585
1  store/dungeon//1_29
1  store/dungeon//1_429
1  store/dungeon//1_154
1  store/dungeon//1_420
1  store/dungeon//1_1404
1  store/dungeon//1_270
1  store/dungeon//1_1301
1  store/dungeon//1_1300
1  store/dungeon//1_471
1  store/dungeon//1_1453
1  store/dungeon//1_252
1  store/dungeon//1_266
1  store/dungeon//1_1274
1  store/dungeon//1_479
1  store/dungeon//1_1160
1  store/dungeon//1_1069
1  store/dungeon//1_770
1  store/dungeon//1_1153
1  store/dungeon//1_1022
1  store/dungeon//1_83
1  store/dungeon//1_1309
1  store/dungeon//1_687
1  store/dungeon//1_966
1  store/dungeon//1_1356
1  store/dungeon//1_1336
1  store/dungeon//1_934
1  store/dungeon//1_1491
1  store/dungeon//1_298
1  store/dungeon//1_1324
1  store/dungeon//1_1268
1  store/dungeon//1_153
1  store/dungeon//1_1066
1  store/dungeon//1_1580
1  store/dungeon//1_342
1  store/dungeon//1_1495
1  store/dungeon//1_1016
1  store/dungeon//1_605
1  store/dungeon//1_813
1  store/dungeon//1_1366
1  store/dungeon//1_1376
1  store/dungeon//1_1055
1  store/dungeon//1_258
1  store/dungeon//1_1540
1  store/dungeon//1_1172
1  store/dungeon//1_411
1  store/dungeon//1_875
1  store/dungeon//1_1035
1  store/dungeon//1_87
1  store/dungeon//1_216
1  store/dungeon//1_1252
1  store/dungeon//1_627
1  store/dungeon//1_1264
1  store/dungeon//1_1582
1  store/dungeon//1_812
1  store/dungeon//1_172
1  store/dungeon//1_71
1  store/dungeon//1_653
1  store/dungeon//1_1368
1  store/dungeon//1_775
1  store/dungeon//1_728
1  store/dungeon//1_502
1  store/dungeon//1_1351
1  store/dungeon//1_204
1  store/dungeon//1_698
1  store/dungeon//1_405
1  store/dungeon//1_1026
1  store/dungeon//1_10
1  store/dungeon//1_65
1  store/dungeon//1_518
1  store/dungeon//1_119
1  store/dungeon//1_492
1  store/dungeon//1_1211
1  store/dungeon//1_61
1  store/dungeon//1_1514
1  store/dungeon//1_1360
1  store/dungeon//1_1245
1  store/dungeon//1_1609
1  store/dungeon//1_1363
1  store/dungeon//1_1250
1  store/dungeon//1_1206
1  store/dungeon//1_15
1  store/dungeon//1_1015
1  store/dungeon//1_1056
1  store/dungeon//1_368
1  store/dungeon//1_458
1  store/dungeon//1_414
1  store/dungeon//1_31
1  store/dungeon//1_972
1  store/dungeon//1_735
1  store/dungeon//1_1374
1  store/dungeon//1_622
1  store/dungeon//1_1205
1  store/dungeon//1_548
1  store/dungeon//1_946
1  store/dungeon//1_128
1  store/dungeon//1_1285
1  store/dungeon//1_1333
1  store/dungeon//1_780
1  store/dungeon//1_1598
1  store/dungeon//1_935
1  store/dungeon//1_1214
1  store/dungeon//1_585
1  store/dungeon//1_656
1  store/dungeon//1_124
1  store/dungeon//1_1277
1  store/dungeon//1_229
1  store/dungeon//1_714
1  store/dungeon//1_299
1  store/dungeon//1_940
1  store/dungeon//1_958
1  store/dungeon//1_1370
1  store/dungeon//1_1077
1  store/dungeon//1_1316
1  store/dungeon//1_1311
1  store/dungeon//1_1455
1  store/dungeon//1_869
1  store/dungeon//1_407
1  store/dungeon//1_1621
1  store/dungeon//1_829
1  store/dungeon//1_1218
1  store/dungeon//1_795
1  store/dungeon//1_1215
1  store/dungeon//1_600
1  store/dungeon//1_435
1  store/dungeon//1_513
1  store/dungeon//1_1174
1  store/dungeon//1_370
1  store/dungeon//1_1532
1  store/dungeon//1_60
1  store/dungeon//1_781
1  store/dungeon//1_68
1  store/dungeon//1_1423
1  store/dungeon//1_913
1  store/dungeon//1_261
1  store/dungeon//1_642
1  store/dungeon//1_358
1  store/dungeon//1_805
1  store/dungeon//1_494
1  store/dungeon//1_555
1  store/dungeon//1_1313
1  store/dungeon//1_144
1  store/dungeon//1_291
1  store/dungeon//1_309
1  store/dungeon//1_776
1  store/dungeon//1_1354
1  store/dungeon//1_665
1  store/dungeon//1_744
1  store/dungeon//1_1032
1  store/dungeon//1_708
1  store/dungeon//1_1586
1  store/dungeon//1_971
1  store/dungeon//1_1625
1  store/dungeon//1_1298
1  store/dungeon//1_1053
1  store/dungeon//1_1613
1  store/dungeon//1_1089
1  store/dungeon//1_629
1  store/dungeon//1_1518
1  store/dungeon//1_960
1  store/dungeon//1_861
1  store/dungeon//1_477
1  store/dungeon//1_503
1  store/dungeon//1_1428
1  store/dungeon//1_6
1  store/dungeon//1_1105
1  store/dungeon//1_328
1  store/dungeon//1_1118
1  store/dungeon//1_834
1  store/dungeon//1_670
1  store/dungeon//1_1235
1  store/dungeon//1_952
1  store/dungeon//1_1319
1  store/dungeon//1_761
1  store/dungeon//1_343
1  store/dungeon//1_1541
1  store/dungeon//1_1531
1  store/dungeon//1_331
1  store/dungeon//1_1240
1  store/dungeon//1_1427
1  store/dungeon//1_305
1  store/dungeon//1_1266
1  store/dungeon//1_326
1  store/dungeon//1_606
1  store/dungeon//1_147
1  store/dungeon//1_1052
1  store/dungeon//1_1149
1  store/dungeon//1_138
1  store/dungeon//1_32
1  store/dungeon//1_312
1  store/dungeon//1_679
1  store/dungeon//1_699
1  store/dungeon//1_901
1  store/dungeon//1_662
1  store/dungeon//1_1290
1  store/dungeon//1_348
1  store/dungeon//1_1157
1  store/dungeon//1_669
1  store/dungeon//1_395
1  store/dungeon//1_1482
1  store/dungeon//1_859
1  store/dungeon//1_1281
1  store/dungeon//1_1629
1  store/dungeon//1_1494
1  store/dungeon//1_684
1  store/dungeon//1_1197
1  store/dungeon//1_1355
1  store/dungeon//1_273
1  store/dungeon//1_1287
1  store/dungeon//1_371
1  store/dungeon//1_222
1  store/dungeon//1_158
1  store/dungeon//1_200
1  store/dungeon//1_1492
1  store/dungeon//1_815
1  store/dungeon//1_694
1  store/dungeon//1_1435
1  store/dungeon//1_1572
1  store/dungeon//1_497
1  store/dungeon//1_20
1  store/dungeon//1_257
1  store/dungeon//1_510
1  store/dungeon//1_741
1  store/dungeon//1_1536
1  store/dungeon//1_1549
1  store/dungeon//1_530
1  store/dungeon//1_1523
1  store/dungeon//1_1002
1  store/dungeon//1_681
1  store/dungeon//1_1569
1  store/dungeon//1_277
1  store/dungeon//1_1183
1  store/dungeon//1_871
1  store/dungeon//1_632
1  store/dungeon//1_889
1  store/dungeon//1_1059
1  store/dungeon//1_950
1  store/dungeon//1_1152
1  store/dungeon//1_1046
1  store/dungeon//1_1111
1  store/dungeon//1_184
1  store/dungeon//1_164
1  store/dungeon//1_924
1  store/dungeon//1_39
1  store/dungeon//1_439
1  store/dungeon//1_240
1  store/dungeon//1_1294
1  store/dungeon//1_1596
1  store/dungeon//1_594
1  store/dungeon//1_1323
1  store/dungeon//1_498
1  store/dungeon//1_827
1  store/dungeon//1_953
1  store/dungeon//1_1030
1  store/dungeon//1_1469
1  store/dungeon//1_739
1  store/dungeon//1_1193
1  store/dungeon//1_658
1  store/dungeon//1_1143
1  store/dungeon//1_1134
1  store/dungeon//1_212
1  store/dungeon//1_798
1  store/dungeon//1_890
1  store/dungeon//1_634
1  store/dungeon//1_794
1  store/dungeon//1_1057
1  store/dungeon//1_686
1  store/dungeon//1_923
1  store/dungeon//1_1011
1  store/dungeon//1_1054
1  store/dungeon//1_910
1  store/dungeon//1_1589
1  store/dungeon//1_1424
1  store/dungeon//1_596
1  store/dungeon//1_1073
1  store/dungeon//1_719
1  store/dungeon//1_1279
1  store/dungeon//1_1448
1  store/dungeon//1_179
1  store/dungeon//1_1612
1  store/dungeon//1_777
1  store/dungeon//1_582
1  store/dungeon//1_636
1  store/dungeon//1_1387
1  store/dungeon//1_1377
1  store/dungeon//1_524
1  store/dungeon//1_1159
1  store/dungeon//1_1579
1  store/dungeon//1_579
1  store/dungeon//1_211
1  store/dungeon//1_505
1  store/dungeon//1_1611
1  store/dungeon//1_1322
1  store/dungeon//1_30
1  store/dungeon//1_715
1  store/dungeon//1_1036
1  store/dungeon//1_1096
1  store/dungeon//1_347
1  store/dungeon//1_103
1  store/dungeon//1_621
1  store/dungeon//1_523
1  store/dungeon//1_106
1  store/dungeon//1_942
1  store/dungeon//1_1127
1  store/dungeon//1_1588
1  store/dungeon//1_535
1  store/dungeon//1_1037
1  store/dungeon//1_729
1  store/dungeon//1_1025
1  store/dungeon//1_1102
1  store/dungeon//1_783
1  store/dungeon//1_417
1  store/dungeon//1_116
1  store/dungeon//1_1124
1  store/dungeon//1_327
1  store/dungeon//1_515
1  store/dungeon//1_132
1  store/dungeon//1_537
1  store/dungeon//1_721
1  store/dungeon//1_999
1  store/dungeon//1_1196
1  store/dungeon//1_1269
1  store/dungeon//1_1070
1  store/dungeon//1_963
1  store/dungeon//1_968
1  store/dungeon//1_520
1  store/dungeon//1_1156
1  store/dungeon//1_21
1  store/dungeon//1_461
1  store/dungeon//1_1567
1  store/dungeon//1_1012
1  store/dungeon//1_1399
1  store/dungeon//1_1337
1  store/dungeon//1_1138
1  store/dungeon//1_1473
1  store/dungeon//1_1546
1  store/dungeon//1_1284
1  store/dungeon//1_1635
1  store/dungeon//1_409
1  store/dungeon//1_274
1  store/dungeon//1_1236
1  store/dungeon//1_1395
1  store/dungeon//1_1425
1  store/dungeon//1_126
1  store/dungeon//1_234
1  store/dungeon//1_1373
1  store/dungeon//1_1161
1  store/dungeon//1_1241
1  store/dungeon//1_117
1  store/dungeon//1_1468
1  store/dungeon//1_418
1  store/dungeon//1_428
1  store/dungeon//1_1623
1  store/dungeon//1_118
1  store/dungeon//1_125
1  store/dungeon//1_983
1  store/dungeon//1_113
1  store/dungeon//1_1498
1  store/dungeon//1_1150
1  store/dungeon//1_319
1  store/dungeon//1_415
1  store/dungeon//1_980
1  store/dungeon//1_1403
1  store/dungeon//1_134
1  store/dungeon//1_638
1  store/dungeon//1_1273
1  store/dungeon//1_675
1  store/dungeon//1_962
1  store/dungeon//1_1238
1  store/dungeon//1_19
1  store/dungeon//1_385
1  store/dungeon//1_1180
1  store/dungeon//1_774
1  store/dungeon//1_1447
1  store/dungeon//1_626
1  store/dungeon//1_771
1  store/dungeon//1_1093
1  store/dungeon//1_1512
1  store/dungeon//1_1389
1  store/dungeon//1_915
1  store/dungeon//1_1458
1  store/dungeon//1_886
1  store/dungeon//1_107
1  store/dungeon//1_396
1  store/dungeon//1_1158
1  store/dungeon//1_1260
1  store/dungeon//1_1381
1  store/dungeon//1_1500
1  store/dungeon//1_190
1  store/dungeon//1_1195
1  store/dungeon//1_1263
1  store/dungeon//1_1419
1  store/dungeon//1_976
1  store/dungeon//1_575
1  store/dungeon//1_246
1  store/dungeon//1_808
1  store/dungeon//1_936
1  store/dungeon//1_1062
1  store/dungeon//1_311
1  store/dungeon//1_731
1  store/dungeon//1_764
1  store/dungeon//1_1340
1  store/dungeon//1_169
1  store/dungeon//1_990
1  store/dungeon//1_384
1  store/dungeon//1_1291
1  store/dungeon//1_1217
1  store/dungeon//1_34
1  store/dungeon//1_970
1  store/dungeon//1_250
1  store/dungeon//1_704
1  store/dungeon//1_1164
1  store/dungeon//1_1591
1  store/dungeon//1_711
1  store/dungeon//1_276
1  store/dungeon//1_1555
1  store/dungeon//1_453
1  store/dungeon//1_267
1  store/dungeon//1_1409
1  store/dungeon//1_879
1  store/dungeon//1_927
1  store/dungeon//1_580
1  store/dungeon//1_1630
1  store/dungeon//1_239
1  store/dungeon//1_824
1  store/dungeon//1_1114
1  store/dungeon//1_1000
1  store/dungeon//1_241
1  store/dungeon//1_442
1  store/dungeon//1_485
1  store/dungeon//1_1293
1  store/dungeon//1_1107
1  store/dungeon//1_1525
1  store/dungeon//1_567
1  store/dungeon//1_1633
1  store/dungeon//1_851
1  store/dungeon//1_101
1  store/dungeon//1_262
1  store/dungeon//1_422
1  store/dungeon//1_661
1  store/dungeon//1_917
1  store/dungeon//1_70
1  store/dungeon//1_284
1  store/dungeon//1_508
1  store/dungeon//1_354
1  store/dungeon//1_24
1  store/dungeon//1_17
1  store/dungeon//1_155
1  store/dungeon//1_231
1  store/dungeon//1_854
1  store/dungeon//1_519
1  store/dungeon//1_1436
1  store/dungeon//1_1325
1  store/dungeon//1_69
1  store/dungeon//1_213
1  store/dungeon//1_259
1  store/dungeon//1_1450
1  store/dungeon//1_1608
1  store/dungeon//1_64
1  store/dungeon//1_641
1  store/dungeon//1_1615
1  store/dungeon//1_1559
1  store/dungeon//1_1140
1  store/dungeon//1_906
1  store/dungeon//1_654
1  store/dungeon//1_1186
1  store/dungeon//1_1092
1  store/dungeon//1_1600
1  store/dungeon//1_1008
1  store/dungeon//1_1243
1  store/dungeon//1_1121
1  store/dungeon//1_52
1  store/dungeon//1_403
1  store/dungeon//1_423
1  store/dungeon//1_722
1  store/dungeon//1_649
1  store/dungeon//1_376
1  store/dungeon//1_651
1  store/dungeon//1_314
1  store/dungeon//1_402
1  store/dungeon//1_286
1  store/dungeon//1_1004
1  store/dungeon//1_1442
1  store/dungeon//1_693
1  store/dungeon//1_938
1  store/dungeon//1_730
1  store/dungeon//1_1330
1  store/dungeon//1_484
1  store/dungeon//1_1628
1  store/dungeon//1_667
1  store/dungeon//1_1202
1  store/dungeon//1_1094
1  store/dungeon//1_1013
1  store/dungeon//1_483
1  store/dungeon//1_445
1  store/dungeon//1_253
1  store/dungeon//1_228
1  store/dungeon//1_391
1  store/dungeon//1_1385
1  store/dungeon//1_550
1  store/dungeon//1_1552
1  store/dungeon//1_1417
1  store/dungeon//1_295
1  store/dungeon//1_945
1  store/dungeon//1_844
1  store/dungeon//1_1141
1  store/dungeon//1_28
1  store/dungeon//1_421
1  store/dungeon//1_472
1  store/dungeon//1_177
1  store/dungeon//1_802
1  store/dungeon//1_115
1  store/dungeon//1_1413
1  store/dungeon//1_584
1  store/dungeon//1_944
1  store/dungeon//1_366
1  store/dungeon//1_1568
1  store/dungeon//1_182
1  store/dungeon//1_136
1  store/dungeon//1_249
1  store/dungeon//1_628
1  store/dungeon//1_307
1  store/dungeon//1_362
1  store/dungeon//1_1087
1  store/dungeon//1_1367
1  store/dungeon//1_493
1  store/dungeon//1_1564
1  store/dungeon//1_1577
1  store/dungeon//1_876
1  store/dungeon//1_1192
1  store/dungeon//1_1248
1  store/dungeon//1_97
1  store/dungeon//1_108
1  store/dungeon//1_706
1  store/dungeon//1_322
1  store/dungeon//1_1618
1  store/dungeon//1_1402
1  store/dungeon//1_1342
1  store/dungeon//1_1244
1  store/dungeon//1_1023
1  store/dungeon//1_1097
1  store/dungeon//1_723
1  store/dungeon//1_717
1  store/dungeon//1_8
1  store/dungeon//1_797
1  store/dungeon//1_597
1  store/dungeon//1_48
1  store/dungeon//1_804
1  store/dungeon//1_1490
1  store/dungeon//1_773
1  store/dungeon//1_792
1  store/dungeon//1_506
1  store/dungeon//1_324
1  store/dungeon//1_892
1  store/dungeon//1_1379
1  store/dungeon//1_1348
1  store/dungeon//1_573
1  store/dungeon//1_1296
1  store/dungeon//1_1444
1  store/dungeon//1_285
1  store/dungeon//1_1116
1  store/dungeon//1_1627
1  store/dungeon//1_1154
1  store/dungeon//1_382
1  store/dungeon//1_1332
1  store/dungeon//1_181
1  store/dungeon//1_831
1  store/dungeon//1_1103
1  store/dungeon//1_140
1  store/dungeon//1_1043
1  store/dungeon//1_468
1  store/dungeon//1_697
1  store/dungeon//1_1346
1  store/dungeon//1_887
1  store/dungeon//1_1343
1  store/dungeon//1_939
1  store/dungeon//1_1484
1  store/dungeon//1_633
1  store/dungeon//1_931
1  store/dungeon//1_416
1  store/dungeon//1_378
1  store/dungeon//1_304
1  store/dungeon//1_4
1  store/dungeon//1_1483
1  store/dungeon//1_265
1  store/dungeon//1_272
1  store/dungeon//1_852
1  store/dungeon//1_130
1  store/dungeon//1_1507
1  store/dungeon//1_1513
1  store/dungeon//1_1581
1  store/dungeon//1_1544
1  store/dungeon//1_557
1  store/dungeon//1_1065
1  store/dungeon//1_1434
1  store/dungeon//1_313
1  store/dungeon//1_1242
1  store/dungeon//1_1020
1  store/dungeon//1_410
1  store/dungeon//1_985
1  store/dungeon//1_1181
1  store/dungeon//1_75
1  store/dungeon//1_1538
1  store/dungeon//1_1047
1  store/dungeon//1_1182
1  store/dungeon//1_1521
1  store/dungeon//1_1133
1  store/dungeon//1_1439
1  store/dungeon//1_1201
1  store/dungeon//1_845
1  store/dungeon//1_98
1  store/dungeon//1_1001
1  store/dungeon//1_1624
1  store/dungeon//1_1246
1  store/dungeon//1_413
1  store/dungeon//1_1109
1  store/dungeon//1_788
1  store/dungeon//1_288
1  store/dungeon//1_843
1  store/dungeon//1_1461
1  store/dungeon//1_993
1  store/dungeon//1_637
1  store/dungeon//1_1485
1  store/dungeon//1_359
1  store/dungeon//1_724
1  store/dungeon//1_14
1  store/dungeon//1_332
1  store/dungeon//1_1607
1  store/dungeon//1_1614
